This file contains any messages produced by compilers while
running configure, to aid debugging if configure makes a mistake.

It was created by configure, which was
generated by GNU Autoconf 2.69.  Invocation command line was

  $ auto/configure --prefix=/opt/local --with-features=huge --enable-pythoninterp=yes --enable-multibyte --with-vim-name=vim --with-python-config-dir=/usr/lib/python2.7/config-x86_64-linux-gnu --srcdir=. --cache-file=auto/config.cache

## --------- ##
## Platform. ##
## --------- ##

hostname = tdznlin
uname -m = x86_64
uname -r = 4.19.0-kali4-amd64
uname -s = Linux
uname -v = #1 SMP Debian 4.19.28-2kali1 (2019-03-18)

/usr/bin/uname -p = unknown
/bin/uname -X     = unknown

/bin/arch              = unknown
/usr/bin/arch -k       = unknown
/usr/convex/getsysinfo = unknown
/usr/bin/hostinfo      = unknown
/bin/machine           = unknown
/usr/bin/oslevel       = unknown
/bin/universe          = unknown

PATH: /usr/local/sbin
PATH: /usr/local/bin
PATH: /usr/sbin
PATH: /usr/bin
PATH: /sbin
PATH: /bin


## ----------- ##
## Core tests. ##
## ----------- ##

configure:2546: loading cache auto/config.cache
configure:2632: checking whether make sets $(MAKE)
configure:2654: result: yes
configure:2712: checking for gcc
configure:2739: result: gcc
configure:2968: checking for C compiler version
configure:2977: gcc --version >&5
gcc (Debian 8.3.0-5) 8.3.0
Copyright (C) 2018 Free Software Foundation, Inc.
This is free software; see the source for copying conditions.  There is NO
warranty; not even for MERCHANTABILITY or FITNESS FOR A PARTICULAR PURPOSE.

configure:2988: $? = 0
configure:2977: gcc -v >&5
Using built-in specs.
COLLECT_GCC=gcc
COLLECT_LTO_WRAPPER=/usr/lib/gcc/x86_64-linux-gnu/8/lto-wrapper
OFFLOAD_TARGET_NAMES=nvptx-none
OFFLOAD_TARGET_DEFAULT=1
Target: x86_64-linux-gnu
Configured with: ../src/configure -v --with-pkgversion='Debian 8.3.0-5' --with-bugurl=file:///usr/share/doc/gcc-8/README.Bugs --enable-languages=c,ada,c++,go,brig,d,fortran,objc,obj-c++ --prefix=/usr --with-gcc-major-version-only --program-suffix=-8 --program-prefix=x86_64-linux-gnu- --enable-shared --enable-linker-build-id --libexecdir=/usr/lib --without-included-gettext --enable-threads=posix --libdir=/usr/lib --enable-nls --enable-bootstrap --enable-clocale=gnu --enable-libstdcxx-debug --enable-libstdcxx-time=yes --with-default-libstdcxx-abi=new --enable-gnu-unique-object --disable-vtable-verify --enable-libmpx --enable-plugin --enable-default-pie --with-system-zlib --with-target-system-zlib --enable-objc-gc=auto --enable-multiarch --disable-werror --with-arch-32=i686 --with-abi=m64 --with-multilib-list=m32,m64,mx32 --enable-multilib --with-tune=generic --enable-offload-targets=nvptx-none --without-cuda-driver --enable-checking=release --build=x86_64-linux-gnu --host=x86_64-linux-gnu --target=x86_64-linux-gnu
Thread model: posix
gcc version 8.3.0 (Debian 8.3.0-5) 
configure:2988: $? = 0
configure:2977: gcc -V >&5
gcc: error: unrecognized command line option '-V'
gcc: fatal error: no input files
compilation terminated.
configure:2988: $? = 1
configure:2977: gcc -qversion >&5
gcc: error: unrecognized command line option '-qversion'; did you mean '--version'?
gcc: fatal error: no input files
compilation terminated.
configure:2988: $? = 1
configure:3008: checking whether the C compiler works
configure:3030: gcc    conftest.c  >&5
configure:3034: $? = 0
configure:3082: result: yes
configure:3085: checking for C compiler default output file name
configure:3087: result: a.out
configure:3093: checking for suffix of executables
configure:3100: gcc -o conftest    conftest.c  >&5
configure:3104: $? = 0
configure:3126: result: 
configure:3148: checking whether we are cross compiling
configure:3156: gcc -o conftest    conftest.c  >&5
configure:3160: $? = 0
configure:3167: ./conftest
configure:3171: $? = 0
configure:3159: result: no
configure:3164: checking for suffix of object files
configure:3211: result: o
configure:3215: checking whether we are using the GNU C compiler
configure:3243: result: yes
configure:3252: checking whether gcc accepts -g
configure:3313: result: yes
configure:3330: checking for gcc option to accept ISO C89
configure:3406: result: none needed
configure:3426: checking for gcc option to accept ISO C99
configure:3588: result: none needed
configure:3607: checking how to run the C preprocessor
configure:3677: result: gcc -E
configure:3697: gcc -E  conftest.c
configure:3697: $? = 0
configure:3711: gcc -E  conftest.c
conftest.c:10:10: fatal error: ac_nonexistent.h: No such file or directory
 #include <ac_nonexistent.h>
          ^~~~~~~~~~~~~~~~~~
compilation terminated.
configure:3711: $? = 1
configure: failed program was:
| /* confdefs.h */
| #define PACKAGE_NAME ""
| #define PACKAGE_TARNAME ""
| #define PACKAGE_VERSION ""
| #define PACKAGE_STRING ""
| #define PACKAGE_BUGREPORT ""
| #define PACKAGE_URL ""
| #define UNIX 1
| /* end confdefs.h.  */
| #include <ac_nonexistent.h>
configure:3740: checking for grep that handles long lines and -e
configure:3798: result: /bin/grep
configure:3803: checking for egrep
configure:3865: result: /bin/grep -E
configure:3879: checking for fgrep
configure:3941: result: /bin/grep -F
configure:3945: checking for library containing strerror
configure:3993: result: none required
configure:4004: checking for gawk
configure:4031: result: gawk
configure:4044: checking for strip
configure:4072: result: strip
configure:4083: checking for ANSI C header files
configure:4187: result: yes
configure:4195: checking for sys/wait.h that is POSIX.1 compatible
configure:4228: result: yes
configure:4240: checking for unsigned long long int
configure:4288: result: yes
configure:4298: checking for long long int
configure:4348: result: yes
configure:4363: checking if the compiler supports trailing commas
configure:4380: gcc -c -g -O2  conftest.c >&5
configure:4380: $? = 0
configure:4381: result: yes
configure:4395: checking if the compiler supports C++ comments
configure:4409: gcc -c -g -O2  conftest.c >&5
configure:4409: $? = 0
configure:4410: result: yes
configure:4426: checking --enable-fail-if-missing argument
configure:4435: result: no
configure:4458: checking for clang version
configure:4479: result: N/A
configure:4494: checking for buggy tools...
configure:4501: checking for BeOS
configure:4507: result: no
configure:4511: checking for QNX
configure:4518: result: no
configure:4522: checking for Darwin (Mac OS X)
configure:4739: result: no
configure:4745: checking for AvailabilityMacros.h
configure:4745: result: no
configure:4760: checking --with-local-dir argument
configure:4784: result: Defaulting to /usr/local
configure:4809: checking --with-vim-name argument
configure:4814: result: vim
configure:4822: checking --with-ex-name argument
configure:4830: result: Defaulting to ex
configure:4835: checking --with-view-name argument
configure:4843: result: Defaulting to view
configure:4849: checking --with-global-runtime argument
configure:4860: result: no
configure:4865: checking --with-modified-by argument
configure:4876: result: no
configure:4881: checking if character set is EBCDIC
configure:4900: gcc -c -g -O2  conftest.c >&5
conftest.c: In function 'main':
conftest.c:23:1: error: unknown type name 'make'
 make an error "Character set is not EBCDIC"
 ^~~~
conftest.c:23:9: error: expected '=', ',', ';', 'asm' or '__attribute__' before 'error'
 make an error "Character set is not EBCDIC"
         ^~~~~
configure:4900: $? = 1
configure: failed program was:
| /* confdefs.h */
| #define PACKAGE_NAME ""
| #define PACKAGE_TARNAME ""
| #define PACKAGE_VERSION ""
| #define PACKAGE_STRING ""
| #define PACKAGE_BUGREPORT ""
| #define PACKAGE_URL ""
| #define UNIX 1
| #define STDC_HEADERS 1
| #define HAVE_SYS_WAIT_H 1
| #define HAVE_UNSIGNED_LONG_LONG_INT 1
| #define HAVE_LONG_LONG_INT 1
| /* end confdefs.h.  */
| 
| int
| main ()
| {
|  /* TryCompile function for CharSet.
|    Treat any failure as ASCII for compatibility with existing art.
|    Use compile-time rather than run-time tests for cross-compiler
|    tolerance.  */
| #if '0'!=240
| make an error "Character set is not EBCDIC"
| #endif
|   ;
|   return 0;
| }
configure:4910: result: no
configure:4971: checking --disable-smack argument
configure:4981: result: no
configure:4983: checking for linux/xattr.h
configure:4983: result: yes
configure:4996: checking for attr/xattr.h
configure:4996: result: no
configure:5070: checking --disable-selinux argument
configure:5080: result: no
configure:5082: checking for is_selinux_enabled in -lselinux
configure:5116: result: yes
configure:5119: checking for selinux/selinux.h
configure:5119: result: yes
configure:5136: checking --with-features argument
configure:5141: result: huge
configure:5172: checking --with-compiledby argument
configure:5180: result: no
configure:5186: checking --disable-xsmp argument
configure:5197: result: no
configure:5199: checking --disable-xsmp-interact argument
configure:5209: result: no
configure:5222: checking --enable-luainterp argument
configure:5231: result: no
configure:5562: checking --enable-mzschemeinterp argument
configure:5571: result: no
configure:5967: checking --enable-perlinterp argument
configure:5976: result: no
configure:6171: checking --enable-pythoninterp argument
configure:6180: result: yes
configure:6187: checking --with-python-command argument
configure:6196: result: no
configure:6206: checking for python2
configure:6224: found /usr/bin/python2
configure:6236: result: /usr/bin/python2
configure:6250: checking Python version
configure:6259: result: 2.7
configure:6262: checking Python is 2.3 or better
configure:6267: result: yep
configure:6270: checking Python's install prefix
configure:6279: result: /usr
configure:6282: checking Python's execution prefix
configure:6291: result: /usr
configure:6313: checking Python's configuration directory
configure:6335: result: /usr/lib/python2.7/config-x86_64-linux-gnu
configure:6390: checking Python's dll name
configure:6403: result: libpython2.7.so.1.0
configure:6419: checking if -pthread should be used
configure:6449: gcc -o conftest -g -O2 -pthread   -L/usr/local/lib conftest.c  -lselinux  >&5
configure:6449: $? = 0
configure:6450: result: yes
configure:6465: checking if compile and link flags for Python are sane
configure:6482: gcc -o conftest -g -O2 -I/usr/include/python2.7 -pthread   -L/usr/local/lib conftest.c  -lselinux  -L/usr/lib/python2.7/config-x86_64-linux-gnu -lpython2.7 -lpthread -ldl -lutil -lm -Xlinker -export-dynamic -Wl,-O1 -Wl,-Bsymbolic-functions >&5
configure:6482: $? = 0
configure:6483: result: yes
configure:6521: checking --enable-python3interp argument
configure:6530: result: no
configure:7016: checking if -fPIE can be added for Python
configure:7033: gcc -o conftest -g -O2 -I/usr/include/python2.7 -pthread -fPIE   -L/usr/local/lib conftest.c  -lselinux  -L/usr/lib/python2.7/config-x86_64-linux-gnu -lpython2.7 -lpthread -ldl -lutil -lm -Xlinker -export-dynamic -Wl,-O1 -Wl,-Bsymbolic-functions >&5
configure:7033: $? = 0
configure:7034: result: yes
configure:7088: checking --enable-tclinterp argument
configure:7097: result: no
configure:7443: checking --enable-rubyinterp argument
configure:7452: result: no
configure:7601: checking --enable-cscope argument
configure:7610: result: no
configure:7617: checking --enable-workshop argument
configure:7626: result: no
configure:7640: checking --disable-netbeans argument
configure:7655: result: no
configure:7663: checking --disable-channel argument
configure:7678: result: no
configure:7693: checking for socket in -lsocket
configure:7727: result: no
configure:7738: checking for gethostbyname in -lnsl
configure:7772: result: yes
configure:7783: checking whether compiling with process communication is possible
configure:7819: gcc -o conftest -g -O2   -L/usr/local/lib conftest.c -lnsl  -lselinux  >&5
configure:7819: $? = 0
configure:7820: result: yes
configure:7846: checking --enable-terminal argument
configure:7863: result: defaulting to yes
configure:7889: checking --enable-autoservername argument
configure:7898: result: no
configure:7905: checking --enable-multibyte argument
configure:7914: result: yes
configure:7921: checking --enable-hangulinput argument
configure:7930: result: no
configure:7933: checking --enable-xim argument
configure:7940: result: defaulting to auto
configure:7945: checking --enable-fontset argument
configure:7954: result: no
configure:7966: checking for xmkmf
configure:7999: result: no
configure:8005: checking for X
configure:8194: result: libraries , headers 
configure:8293: gcc -o conftest -g -O2   -L/usr/local/lib conftest.c -lnsl  -lselinux   -lX11 >&5
configure:8293: $? = 0
configure:8391: checking for gethostbyname
configure:8391: result: yes
configure:8488: checking for connect
configure:8488: result: yes
configure:8537: checking for remove
configure:8537: result: yes
configure:8586: checking for shmat
configure:8586: result: yes
configure:8644: checking for IceConnectionNumber in -lICE
configure:8678: result: yes
configure:8719: checking if X11 header files can be found
configure:8735: gcc -c -g -O2    conftest.c >&5
configure:8735: $? = 0
configure:8736: result: yes
configure:8756: checking for _XdmcpAuthDoIt in -lXdmcp
configure:8790: result: yes
configure:8797: checking for IceOpenConnection in -lICE
configure:8831: result: yes
configure:8839: checking for XpmCreatePixmapFromData in -lXpm
configure:8873: result: no
configure:8880: checking if X11 header files implicitly declare return values
configure:8899: gcc -c -g -O2   -Werror  conftest.c >&5
configure:8899: $? = 0
configure:8900: result: no
configure:8931: checking size of wchar_t is 2 bytes
configure:8965: result: no
configure:8977: checking --enable-gui argument
configure:9040: result: yes/auto - automatic GUI support
configure:9075: checking whether or not to look for GTK+ 2
configure:9084: result: yes
configure:9093: checking whether or not to look for GNOME
configure:9102: result: no
configure:9127: checking whether or not to look for Motif
configure:9136: result: yes
configure:9144: checking whether or not to look for Athena
configure:9153: result: yes
configure:9161: checking whether or not to look for neXtaw
configure:9170: result: yes
configure:9178: checking whether or not to look for Carbon
configure:9187: result: yes
configure:9235: checking --disable-gtktest argument
configure:9245: result: gtk test enabled
configure:9299: checking for pkg-config
configure:9329: result: /usr/bin/pkg-config
configure:9468: result: no
configure:10060: checking for location of Motif GUI includes
configure:10079: result: <not found>
configure:10154: checking if Athena header files can be found
configure:10171: gcc -c -g -O2    conftest.c >&5
conftest.c:26:10: fatal error: X11/Xaw/Paned.h: No such file or directory
 #include <X11/Xaw/Paned.h>
          ^~~~~~~~~~~~~~~~~
compilation terminated.
configure:10171: $? = 1
configure: failed program was:
| /* confdefs.h */
| #define PACKAGE_NAME ""
| #define PACKAGE_TARNAME ""
| #define PACKAGE_VERSION ""
| #define PACKAGE_STRING ""
| #define PACKAGE_BUGREPORT ""
| #define PACKAGE_URL ""
| #define UNIX 1
| #define STDC_HEADERS 1
| #define HAVE_SYS_WAIT_H 1
| #define HAVE_UNSIGNED_LONG_LONG_INT 1
| #define HAVE_LONG_LONG_INT 1
| #define HAVE_SELINUX 1
| #define FEAT_HUGE 1
| #define USE_XSMP_INTERACT 1
| #define FEAT_PYTHON 1
| #define HAVE_LIBNSL 1
| #define FEAT_NETBEANS_INTG 1
| #define FEAT_JOB_CHANNEL 1
| #define FEAT_TERMINAL 1
| #define FEAT_MBYTE 1
| #define HAVE_X11 1
| /* end confdefs.h.  */
| 
| #include <X11/Intrinsic.h>
| #include <X11/Xaw/Paned.h>
| int
| main ()
| {
| 
|   ;
|   return 0;
| }
configure:10175: result: no
configure:10187: checking if neXtaw header files can be found
configure:10204: gcc -c -g -O2    conftest.c >&5
conftest.c:26:10: fatal error: X11/neXtaw/Paned.h: No such file or directory
 #include <X11/neXtaw/Paned.h>
          ^~~~~~~~~~~~~~~~~~~~
compilation terminated.
configure:10204: $? = 1
configure: failed program was:
| /* confdefs.h */
| #define PACKAGE_NAME ""
| #define PACKAGE_TARNAME ""
| #define PACKAGE_VERSION ""
| #define PACKAGE_STRING ""
| #define PACKAGE_BUGREPORT ""
| #define PACKAGE_URL ""
| #define UNIX 1
| #define STDC_HEADERS 1
| #define HAVE_SYS_WAIT_H 1
| #define HAVE_UNSIGNED_LONG_LONG_INT 1
| #define HAVE_LONG_LONG_INT 1
| #define HAVE_SELINUX 1
| #define FEAT_HUGE 1
| #define USE_XSMP_INTERACT 1
| #define FEAT_PYTHON 1
| #define HAVE_LIBNSL 1
| #define FEAT_NETBEANS_INTG 1
| #define FEAT_JOB_CHANNEL 1
| #define FEAT_TERMINAL 1
| #define FEAT_MBYTE 1
| #define HAVE_X11 1
| /* end confdefs.h.  */
| 
| #include <X11/Intrinsic.h>
| #include <X11/neXtaw/Paned.h>
| int
| main ()
| {
| 
|   ;
|   return 0;
| }
configure:10208: result: no
configure:10464: checking for X11/SM/SMlib.h
configure:10464: result: yes
configure:10484: checking for X11/xpm.h
configure:10484: result: no
configure:10484: checking for X11/Sunkeysym.h
configure:10484: result: yes
configure:10496: checking for XIMText in X11/Xlib.h
configure:10504: result: yes
configure:10649: checking for /proc link to executable
configure:10652: result: /proc/self/exe
configure:10671: checking for CYGWIN or MSYS environment
configure:10689: result: no
configure:10709: checking whether toupper is broken
configure:10746: result: no
configure:10754: checking whether __DATE__ and __TIME__ work
configure:10767: gcc -c -g -O2  conftest.c >&5
configure:10767: $? = 0
configure:10768: result: yes
configure:10777: checking whether __attribute__((unused)) is allowed
configure:10790: gcc -c -g -O2  conftest.c >&5
configure:10790: $? = 0
configure:10791: result: yes
configure:10800: checking for elf.h
configure:10800: result: yes
configure:10807: checking for main in -lelf
configure:10835: result: no
configure:10851: checking for dirent.h that defines DIR
configure:10878: result: yes
configure:10891: checking for library containing opendir
configure:10939: result: none required
configure:11047: checking for stdint.h
configure:11047: result: yes
configure:11047: checking for stdlib.h
configure:11047: result: yes
configure:11047: checking for string.h
configure:11047: result: yes
configure:11047: checking for sys/select.h
configure:11047: result: yes
configure:11047: checking for sys/utsname.h
configure:11047: result: yes
configure:11047: checking for termcap.h
configure:11047: result: yes
configure:11047: checking for fcntl.h
configure:11047: result: yes
configure:11047: checking for sgtty.h
configure:11047: result: yes
configure:11047: checking for sys/ioctl.h
configure:11047: result: yes
configure:11047: checking for sys/time.h
configure:11047: result: yes
configure:11047: checking for sys/types.h
configure:11047: result: yes
configure:11047: checking for termio.h
configure:11047: result: yes
configure:11047: checking for iconv.h
configure:11047: result: yes
configure:11047: checking for inttypes.h
configure:11047: result: yes
configure:11047: checking for langinfo.h
configure:11047: result: yes
configure:11047: checking for math.h
configure:11047: result: yes
configure:11047: checking for unistd.h
configure:11047: result: yes
configure:11047: checking for stropts.h
configure:11047: result: yes
configure:11047: checking for errno.h
configure:11047: result: yes
configure:11047: checking for sys/resource.h
configure:11047: result: yes
configure:11047: checking for sys/systeminfo.h
configure:11047: result: no
configure:11047: checking for locale.h
configure:11047: result: yes
configure:11047: checking for sys/stream.h
configure:11047: result: no
configure:11047: checking for termios.h
configure:11047: result: yes
configure:11047: checking for libc.h
configure:11047: result: no
configure:11047: checking for sys/statfs.h
configure:11047: result: yes
configure:11047: checking for poll.h
configure:11047: result: yes
configure:11047: checking for sys/poll.h
configure:11047: result: yes
configure:11047: checking for pwd.h
configure:11047: result: yes
configure:11047: checking for utime.h
configure:11047: result: yes
configure:11047: checking for sys/param.h
configure:11047: result: yes
configure:11047: checking for libintl.h
configure:11047: result: yes
configure:11047: checking for libgen.h
configure:11047: result: yes
configure:11047: checking for util/debug.h
configure:11047: result: no
configure:11047: checking for util/msg18n.h
configure:11047: result: no
configure:11047: checking for frame.h
configure:11047: result: no
configure:11047: checking for sys/acl.h
configure:11047: result: no
configure:11047: checking for sys/access.h
configure:11047: result: no
configure:11047: checking for sys/sysinfo.h
configure:11047: result: yes
configure:11047: checking for wchar.h
configure:11047: result: yes
configure:11047: checking for wctype.h
configure:11047: result: yes
configure:11060: checking for sys/ptem.h
configure:11060: result: no
configure:11076: checking for sys/sysctl.h
configure:11076: result: yes
configure:11091: checking for pthread_np.h
configure:11106: gcc -c -g -O2  conftest.c >&5
conftest.c:66:10: fatal error: pthread_np.h: No such file or directory
 #include <pthread_np.h>
          ^~~~~~~~~~~~~~
compilation terminated.
configure:11106: $? = 1
configure: failed program was:
| /* confdefs.h */
| #define PACKAGE_NAME ""
| #define PACKAGE_TARNAME ""
| #define PACKAGE_VERSION ""
| #define PACKAGE_STRING ""
| #define PACKAGE_BUGREPORT ""
| #define PACKAGE_URL ""
| #define UNIX 1
| #define STDC_HEADERS 1
| #define HAVE_SYS_WAIT_H 1
| #define HAVE_UNSIGNED_LONG_LONG_INT 1
| #define HAVE_LONG_LONG_INT 1
| #define HAVE_SELINUX 1
| #define FEAT_HUGE 1
| #define USE_XSMP_INTERACT 1
| #define FEAT_PYTHON 1
| #define HAVE_LIBNSL 1
| #define FEAT_NETBEANS_INTG 1
| #define FEAT_JOB_CHANNEL 1
| #define FEAT_TERMINAL 1
| #define FEAT_MBYTE 1
| #define HAVE_X11 1
| #define HAVE_X11_SM_SMLIB_H 1
| #define HAVE_X11_SUNKEYSYM_H 1
| #define PROC_EXE_LINK "/proc/self/exe"
| #define HAVE_DATE_TIME 1
| #define HAVE_ATTRIBUTE_UNUSED 1
| #define HAVE_DIRENT_H 1
| #define HAVE_STDINT_H 1
| #define HAVE_STDLIB_H 1
| #define HAVE_STRING_H 1
| #define HAVE_SYS_SELECT_H 1
| #define HAVE_SYS_UTSNAME_H 1
| #define HAVE_TERMCAP_H 1
| #define HAVE_FCNTL_H 1
| #define HAVE_SGTTY_H 1
| #define HAVE_SYS_IOCTL_H 1
| #define HAVE_SYS_TIME_H 1
| #define HAVE_SYS_TYPES_H 1
| #define HAVE_TERMIO_H 1
| #define HAVE_ICONV_H 1
| #define HAVE_INTTYPES_H 1
| #define HAVE_LANGINFO_H 1
| #define HAVE_MATH_H 1
| #define HAVE_UNISTD_H 1
| #define HAVE_STROPTS_H 1
| #define HAVE_ERRNO_H 1
| #define HAVE_SYS_RESOURCE_H 1
| #define HAVE_LOCALE_H 1
| #define HAVE_TERMIOS_H 1
| #define HAVE_SYS_STATFS_H 1
| #define HAVE_POLL_H 1
| #define HAVE_SYS_POLL_H 1
| #define HAVE_PWD_H 1
| #define HAVE_UTIME_H 1
| #define HAVE_SYS_PARAM_H 1
| #define HAVE_LIBINTL_H 1
| #define HAVE_LIBGEN_H 1
| #define HAVE_SYS_SYSINFO_H 1
| #define HAVE_WCHAR_H 1
| #define HAVE_WCTYPE_H 1
| #define HAVE_SYS_SYSCTL_H 1
| /* end confdefs.h.  */
| 
| #include <pthread.h>
| #include <pthread_np.h>
| int
| main ()
| {
| int i; i = 0;
|   ;
|   return 0;
| }
configure:11112: result: no
configure:11119: checking for strings.h
configure:11119: result: yes
configure:11134: checking if strings.h can be included after string.h
configure:11163: gcc -c -g -O2    conftest.c >&5
configure:11163: $? = 0
configure:11164: result: yes
configure:11177: checking whether gcc needs -traditional
configure:11211: result: no
configure:11218: checking for an ANSI C-conforming const
configure:11291: result: yes
configure:11299: checking for working volatile
configure:11325: result: yes
configure:11333: checking for mode_t
configure:11333: result: yes
configure:11344: checking for off_t
configure:11344: result: yes
configure:11355: checking for pid_t
configure:11355: result: yes
configure:11366: checking for size_t
configure:11366: result: yes
configure:11377: checking for uid_t in sys/types.h
configure:11396: result: yes
configure:11407: checking for uint32_t
configure:11407: result: yes
configure:11422: checking whether time.h and sys/time.h may both be included
configure:11449: result: yes
configure:11457: checking for ino_t
configure:11457: result: yes
configure:11468: checking for dev_t
configure:11468: result: yes
configure:11479: checking whether byte ordering is bigendian
configure:11685: result: no
configure:11703: checking for inline
configure:11727: result: inline
configure:11746: checking for rlim_t
configure:11749: result: (cached) yes
configure:11782: checking for stack_t
configure:11785: result: (cached) yes
configure:11816: checking whether stack_t has an ss_base field
configure:11837: gcc -c -g -O2  conftest.c >&5
conftest.c: In function 'main':
conftest.c:78:24: error: 'stack_t' {aka 'struct <anonymous>'} has no member named 'ss_base'; did you mean 'ss_sp'?
 stack_t sigstk; sigstk.ss_base = 0;
                        ^~~~~~~
                        ss_sp
configure:11837: $? = 1
configure: failed program was:
| /* confdefs.h */
| #define PACKAGE_NAME ""
| #define PACKAGE_TARNAME ""
| #define PACKAGE_VERSION ""
| #define PACKAGE_STRING ""
| #define PACKAGE_BUGREPORT ""
| #define PACKAGE_URL ""
| #define UNIX 1
| #define STDC_HEADERS 1
| #define HAVE_SYS_WAIT_H 1
| #define HAVE_UNSIGNED_LONG_LONG_INT 1
| #define HAVE_LONG_LONG_INT 1
| #define HAVE_SELINUX 1
| #define FEAT_HUGE 1
| #define USE_XSMP_INTERACT 1
| #define FEAT_PYTHON 1
| #define HAVE_LIBNSL 1
| #define FEAT_NETBEANS_INTG 1
| #define FEAT_JOB_CHANNEL 1
| #define FEAT_TERMINAL 1
| #define FEAT_MBYTE 1
| #define HAVE_X11 1
| #define HAVE_X11_SM_SMLIB_H 1
| #define HAVE_X11_SUNKEYSYM_H 1
| #define PROC_EXE_LINK "/proc/self/exe"
| #define HAVE_DATE_TIME 1
| #define HAVE_ATTRIBUTE_UNUSED 1
| #define HAVE_DIRENT_H 1
| #define HAVE_STDINT_H 1
| #define HAVE_STDLIB_H 1
| #define HAVE_STRING_H 1
| #define HAVE_SYS_SELECT_H 1
| #define HAVE_SYS_UTSNAME_H 1
| #define HAVE_TERMCAP_H 1
| #define HAVE_FCNTL_H 1
| #define HAVE_SGTTY_H 1
| #define HAVE_SYS_IOCTL_H 1
| #define HAVE_SYS_TIME_H 1
| #define HAVE_SYS_TYPES_H 1
| #define HAVE_TERMIO_H 1
| #define HAVE_ICONV_H 1
| #define HAVE_INTTYPES_H 1
| #define HAVE_LANGINFO_H 1
| #define HAVE_MATH_H 1
| #define HAVE_UNISTD_H 1
| #define HAVE_STROPTS_H 1
| #define HAVE_ERRNO_H 1
| #define HAVE_SYS_RESOURCE_H 1
| #define HAVE_LOCALE_H 1
| #define HAVE_TERMIOS_H 1
| #define HAVE_SYS_STATFS_H 1
| #define HAVE_POLL_H 1
| #define HAVE_SYS_POLL_H 1
| #define HAVE_PWD_H 1
| #define HAVE_UTIME_H 1
| #define HAVE_SYS_PARAM_H 1
| #define HAVE_LIBINTL_H 1
| #define HAVE_LIBGEN_H 1
| #define HAVE_SYS_SYSINFO_H 1
| #define HAVE_WCHAR_H 1
| #define HAVE_WCTYPE_H 1
| #define HAVE_SYS_SYSCTL_H 1
| #define HAVE_STRINGS_H 1
| #define TIME_WITH_SYS_TIME 1
| /* end confdefs.h.  */
| 
| #include <sys/types.h>
| #if STDC_HEADERS
| # include <stdlib.h>
| # include <stddef.h>
| #endif
| #include <signal.h>
| #include "confdefs.h"
| 
| int
| main ()
| {
| stack_t sigstk; sigstk.ss_base = 0;
|   ;
|   return 0;
| }
configure:11842: result: no
configure:11848: checking --with-tlib argument
configure:11883: result: empty: automatic terminal library selection
configure:11891: checking for tgetent in -ltinfo
configure:11926: result: yes
configure:11953: gcc -o conftest -g -O2   -L/usr/local/lib conftest.c -ltinfo -lnsl  -lselinux  >&5
conftest.c:75:1: warning: return type defaults to 'int' [-Wimplicit-int]
 main() {char *s; s=(char *)tgoto("%p1%d", 0, 1); exit(0); }
 ^~~~
configure:11953: $? = 0
configure:11953: ./conftest
configure:11953: $? = 0
configure:12002: checking whether we talk terminfo
configure:12046: result: yes
configure:12054: checking what tgetent() returns for an unknown terminal
configure:12095: result: zero
configure:12103: checking whether termcap.h contains ospeed
configure:12120: gcc -o conftest -g -O2   -L/usr/local/lib conftest.c -ltinfo -lnsl  -lselinux  >&5
configure:12120: $? = 0
configure:12121: result: yes
configure:12160: checking whether termcap.h contains UP, BC and PC
configure:12177: gcc -o conftest -g -O2   -L/usr/local/lib conftest.c -ltinfo -lnsl  -lselinux  >&5
configure:12177: $? = 0
configure:12178: result: yes
configure:12217: checking whether tputs() uses outfuntype
configure:12234: gcc -c -g -O2  conftest.c >&5
conftest.c: In function 'main':
conftest.c:79:36: error: 'outfuntype' undeclared (first use in this function)
 extern int xx(); tputs("test", 1, (outfuntype)xx)
                                    ^~~~~~~~~~
conftest.c:79:36: note: each undeclared identifier is reported only once for each function it appears in
conftest.c:79:47: error: expected ')' before 'xx'
 extern int xx(); tputs("test", 1, (outfuntype)xx)
                                               ^~
                                               )
configure:12234: $? = 1
configure: failed program was:
| /* confdefs.h */
| #define PACKAGE_NAME ""
| #define PACKAGE_TARNAME ""
| #define PACKAGE_VERSION ""
| #define PACKAGE_STRING ""
| #define PACKAGE_BUGREPORT ""
| #define PACKAGE_URL ""
| #define UNIX 1
| #define STDC_HEADERS 1
| #define HAVE_SYS_WAIT_H 1
| #define HAVE_UNSIGNED_LONG_LONG_INT 1
| #define HAVE_LONG_LONG_INT 1
| #define HAVE_SELINUX 1
| #define FEAT_HUGE 1
| #define USE_XSMP_INTERACT 1
| #define FEAT_PYTHON 1
| #define HAVE_LIBNSL 1
| #define FEAT_NETBEANS_INTG 1
| #define FEAT_JOB_CHANNEL 1
| #define FEAT_TERMINAL 1
| #define FEAT_MBYTE 1
| #define HAVE_X11 1
| #define HAVE_X11_SM_SMLIB_H 1
| #define HAVE_X11_SUNKEYSYM_H 1
| #define PROC_EXE_LINK "/proc/self/exe"
| #define HAVE_DATE_TIME 1
| #define HAVE_ATTRIBUTE_UNUSED 1
| #define HAVE_DIRENT_H 1
| #define HAVE_STDINT_H 1
| #define HAVE_STDLIB_H 1
| #define HAVE_STRING_H 1
| #define HAVE_SYS_SELECT_H 1
| #define HAVE_SYS_UTSNAME_H 1
| #define HAVE_TERMCAP_H 1
| #define HAVE_FCNTL_H 1
| #define HAVE_SGTTY_H 1
| #define HAVE_SYS_IOCTL_H 1
| #define HAVE_SYS_TIME_H 1
| #define HAVE_SYS_TYPES_H 1
| #define HAVE_TERMIO_H 1
| #define HAVE_ICONV_H 1
| #define HAVE_INTTYPES_H 1
| #define HAVE_LANGINFO_H 1
| #define HAVE_MATH_H 1
| #define HAVE_UNISTD_H 1
| #define HAVE_STROPTS_H 1
| #define HAVE_ERRNO_H 1
| #define HAVE_SYS_RESOURCE_H 1
| #define HAVE_LOCALE_H 1
| #define HAVE_TERMIOS_H 1
| #define HAVE_SYS_STATFS_H 1
| #define HAVE_POLL_H 1
| #define HAVE_SYS_POLL_H 1
| #define HAVE_PWD_H 1
| #define HAVE_UTIME_H 1
| #define HAVE_SYS_PARAM_H 1
| #define HAVE_LIBINTL_H 1
| #define HAVE_LIBGEN_H 1
| #define HAVE_SYS_SYSINFO_H 1
| #define HAVE_WCHAR_H 1
| #define HAVE_WCTYPE_H 1
| #define HAVE_SYS_SYSCTL_H 1
| #define HAVE_STRINGS_H 1
| #define TIME_WITH_SYS_TIME 1
| #define HAVE_LIBTINFO 1
| #define TERMINFO 1
| #define TGETENT_ZERO_ERR 0
| #define HAVE_OSPEED 1
| #define HAVE_UP_BC_PC 1
| /* end confdefs.h.  */
| 
| #ifdef HAVE_TERMCAP_H
| # include <termcap.h>
| #endif
| 
| int
| main ()
| {
| extern int xx(); tputs("test", 1, (outfuntype)xx)
|   ;
|   return 0;
| }
configure:12239: result: no
configure:12244: checking whether sys/select.h and sys/time.h may both be included
configure:12260: gcc -c -g -O2  conftest.c >&5
configure:12260: $? = 0
configure:12261: result: yes
configure:12272: checking for /dev/ptc
configure:12280: result: no
configure:12284: checking for SVR4 ptys
configure:12298: gcc -o conftest -g -O2   -L/usr/local/lib conftest.c -ltinfo -lnsl  -lselinux  >&5
conftest.c: In function 'main':
conftest.c:76:1: warning: implicit declaration of function 'ptsname' [-Wimplicit-function-declaration]
 ptsname(0);grantpt(0);unlockpt(0);
 ^~~~~~~
conftest.c:76:12: warning: implicit declaration of function 'grantpt' [-Wimplicit-function-declaration]
 ptsname(0);grantpt(0);unlockpt(0);
            ^~~~~~~
conftest.c:76:23: warning: implicit declaration of function 'unlockpt' [-Wimplicit-function-declaration]
 ptsname(0);grantpt(0);unlockpt(0);
                       ^~~~~~~~
configure:12298: $? = 0
configure:12299: result: yes
configure:12313: checking for ptyranges
configure:12349: result: don't know
configure:12354: checking default tty permissions/group
configure:12433: result: world
configure:12451: checking return type of signal handlers
configure:12476: result: void
configure:12493: checking for struct sigcontext
configure:12513: gcc -c -g -O2  conftest.c >&5
conftest.c:77:1: warning: return type defaults to 'int' [-Wimplicit-int]
 test_sig()
 ^~~~~~~~
configure:12513: $? = 0
configure:12514: result: yes
configure:12524: checking getcwd implementation is broken
configure:12567: result: no
configure:12584: checking for fchdir
configure:12584: result: yes
configure:12584: checking for fchown
configure:12584: result: yes
configure:12584: checking for fchmod
configure:12584: result: yes
configure:12584: checking for fsync
configure:12584: result: yes
configure:12584: checking for getcwd
configure:12584: result: yes
configure:12584: checking for getpseudotty
configure:12584: result: no
configure:12584: checking for getpwent
configure:12584: result: yes
configure:12584: checking for getpwnam
configure:12584: result: yes
configure:12584: checking for getpwuid
configure:12584: result: yes
configure:12584: checking for getrlimit
configure:12584: result: yes
configure:12584: checking for gettimeofday
configure:12584: result: yes
configure:12584: checking for getwd
configure:12584: result: yes
configure:12584: checking for lstat
configure:12584: result: yes
configure:12584: checking for memset
configure:12584: result: yes
configure:12584: checking for mkdtemp
configure:12584: result: yes
configure:12584: checking for nanosleep
configure:12584: result: yes
configure:12584: checking for opendir
configure:12584: result: yes
configure:12584: checking for putenv
configure:12584: result: yes
configure:12584: checking for qsort
configure:12584: result: yes
configure:12584: checking for readlink
configure:12584: result: yes
configure:12584: checking for select
configure:12584: result: yes
configure:12584: checking for setenv
configure:12584: result: yes
configure:12584: checking for getpgid
configure:12584: result: yes
configure:12584: checking for setpgid
configure:12584: result: yes
configure:12584: checking for setsid
configure:12584: result: yes
configure:12584: checking for sigaltstack
configure:12584: result: yes
configure:12584: checking for sigstack
configure:12584: result: yes
configure:12584: checking for sigset
configure:12584: result: yes
configure:12584: checking for sigsetjmp
configure:12584: result: no
configure:12584: checking for sigaction
configure:12584: result: yes
configure:12584: checking for sigprocmask
configure:12584: result: yes
configure:12584: checking for sigvec
configure:12584: result: no
configure:12584: checking for strcasecmp
configure:12584: result: yes
configure:12584: checking for strerror
configure:12584: result: yes
configure:12584: checking for strftime
configure:12584: result: yes
configure:12584: checking for stricmp
configure:12584: result: no
configure:12584: checking for strncasecmp
configure:12584: result: yes
configure:12584: checking for strnicmp
configure:12584: result: no
configure:12584: checking for strpbrk
configure:12584: result: yes
configure:12584: checking for strtol
configure:12584: result: yes
configure:12584: checking for tgetent
configure:12584: result: yes
configure:12584: checking for towlower
configure:12584: result: yes
configure:12584: checking for towupper
configure:12584: result: yes
configure:12584: checking for iswupper
configure:12584: result: yes
configure:12584: checking for usleep
configure:12584: result: yes
configure:12584: checking for utime
configure:12584: result: yes
configure:12584: checking for utimes
configure:12584: result: yes
configure:12584: checking for mblen
configure:12584: result: yes
configure:12584: checking for ftruncate
configure:12584: result: yes
configure:12584: checking for unsetenv
configure:12584: result: yes
configure:12593: checking for _LARGEFILE_SOURCE value needed for large files
configure:12640: result: no
configure:12669: checking for special C compiler options needed for large files
configure:12714: result: no
configure:12720: checking for _FILE_OFFSET_BITS value needed for large files
configure:12777: result: no
configure:12863: checking for st_blksize
configure:12881: gcc -c -g -O2  conftest.c >&5
configure:12881: $? = 0
configure:12882: result: yes
configure:12891: checking whether stat() ignores a trailing slash
configure:12930: result: no
configure:12938: checking for iconv_open()
configure:12957: gcc -o conftest -g -O2   -L/usr/local/lib conftest.c -ltinfo -lnsl  -lselinux  -liconv >&5
/usr/bin/ld: cannot find -liconv
collect2: error: ld returned 1 exit status
configure:12957: $? = 1
configure: failed program was:
| /* confdefs.h */
| #define PACKAGE_NAME ""
| #define PACKAGE_TARNAME ""
| #define PACKAGE_VERSION ""
| #define PACKAGE_STRING ""
| #define PACKAGE_BUGREPORT ""
| #define PACKAGE_URL ""
| #define UNIX 1
| #define STDC_HEADERS 1
| #define HAVE_SYS_WAIT_H 1
| #define HAVE_UNSIGNED_LONG_LONG_INT 1
| #define HAVE_LONG_LONG_INT 1
| #define HAVE_SELINUX 1
| #define FEAT_HUGE 1
| #define USE_XSMP_INTERACT 1
| #define FEAT_PYTHON 1
| #define HAVE_LIBNSL 1
| #define FEAT_NETBEANS_INTG 1
| #define FEAT_JOB_CHANNEL 1
| #define FEAT_TERMINAL 1
| #define FEAT_MBYTE 1
| #define HAVE_X11 1
| #define HAVE_X11_SM_SMLIB_H 1
| #define HAVE_X11_SUNKEYSYM_H 1
| #define PROC_EXE_LINK "/proc/self/exe"
| #define HAVE_DATE_TIME 1
| #define HAVE_ATTRIBUTE_UNUSED 1
| #define HAVE_DIRENT_H 1
| #define HAVE_STDINT_H 1
| #define HAVE_STDLIB_H 1
| #define HAVE_STRING_H 1
| #define HAVE_SYS_SELECT_H 1
| #define HAVE_SYS_UTSNAME_H 1
| #define HAVE_TERMCAP_H 1
| #define HAVE_FCNTL_H 1
| #define HAVE_SGTTY_H 1
| #define HAVE_SYS_IOCTL_H 1
| #define HAVE_SYS_TIME_H 1
| #define HAVE_SYS_TYPES_H 1
| #define HAVE_TERMIO_H 1
| #define HAVE_ICONV_H 1
| #define HAVE_INTTYPES_H 1
| #define HAVE_LANGINFO_H 1
| #define HAVE_MATH_H 1
| #define HAVE_UNISTD_H 1
| #define HAVE_STROPTS_H 1
| #define HAVE_ERRNO_H 1
| #define HAVE_SYS_RESOURCE_H 1
| #define HAVE_LOCALE_H 1
| #define HAVE_TERMIOS_H 1
| #define HAVE_SYS_STATFS_H 1
| #define HAVE_POLL_H 1
| #define HAVE_SYS_POLL_H 1
| #define HAVE_PWD_H 1
| #define HAVE_UTIME_H 1
| #define HAVE_SYS_PARAM_H 1
| #define HAVE_LIBINTL_H 1
| #define HAVE_LIBGEN_H 1
| #define HAVE_SYS_SYSINFO_H 1
| #define HAVE_WCHAR_H 1
| #define HAVE_WCTYPE_H 1
| #define HAVE_SYS_SYSCTL_H 1
| #define HAVE_STRINGS_H 1
| #define TIME_WITH_SYS_TIME 1
| #define HAVE_LIBTINFO 1
| #define TERMINFO 1
| #define TGETENT_ZERO_ERR 0
| #define HAVE_OSPEED 1
| #define HAVE_UP_BC_PC 1
| #define SYS_SELECT_WITH_SYS_TIME 1
| #define HAVE_SVR4_PTYS 1
| #define RETSIGTYPE void
| #define SIGRETURN return
| #define HAVE_SIGCONTEXT 1
| #define HAVE_FCHDIR 1
| #define HAVE_FCHOWN 1
| #define HAVE_FCHMOD 1
| #define HAVE_FSYNC 1
| #define HAVE_GETCWD 1
| #define HAVE_GETPWENT 1
| #define HAVE_GETPWNAM 1
| #define HAVE_GETPWUID 1
| #define HAVE_GETRLIMIT 1
| #define HAVE_GETTIMEOFDAY 1
| #define HAVE_GETWD 1
| #define HAVE_LSTAT 1
| #define HAVE_MEMSET 1
| #define HAVE_MKDTEMP 1
| #define HAVE_NANOSLEEP 1
| #define HAVE_OPENDIR 1
| #define HAVE_PUTENV 1
| #define HAVE_QSORT 1
| #define HAVE_READLINK 1
| #define HAVE_SELECT 1
| #define HAVE_SETENV 1
| #define HAVE_GETPGID 1
| #define HAVE_SETPGID 1
| #define HAVE_SETSID 1
| #define HAVE_SIGALTSTACK 1
| #define HAVE_SIGSTACK 1
| #define HAVE_SIGSET 1
| #define HAVE_SIGACTION 1
| #define HAVE_SIGPROCMASK 1
| #define HAVE_STRCASECMP 1
| #define HAVE_STRERROR 1
| #define HAVE_STRFTIME 1
| #define HAVE_STRNCASECMP 1
| #define HAVE_STRPBRK 1
| #define HAVE_STRTOL 1
| #define HAVE_TGETENT 1
| #define HAVE_TOWLOWER 1
| #define HAVE_TOWUPPER 1
| #define HAVE_ISWUPPER 1
| #define HAVE_USLEEP 1
| #define HAVE_UTIME 1
| #define HAVE_UTIMES 1
| #define HAVE_MBLEN 1
| #define HAVE_FTRUNCATE 1
| #define HAVE_UNSETENV 1
| #define HAVE_FSEEKO 1
| #define HAVE_ST_BLKSIZE 1
| /* end confdefs.h.  */
| 
| #ifdef HAVE_ICONV_H
| # include <iconv.h>
| #endif
| 
| int
| main ()
| {
| iconv_open("fr", "to");
|   ;
|   return 0;
| }
configure:12978: gcc -o conftest -g -O2   -L/usr/local/lib conftest.c -ltinfo -lnsl  -lselinux  >&5
configure:12978: $? = 0
configure:12979: result: yes
configure:12993: checking for nl_langinfo(CODESET)
configure:13010: gcc -o conftest -g -O2   -L/usr/local/lib conftest.c -ltinfo -lnsl  -lselinux  >&5
configure:13010: $? = 0
configure:13011: result: yes
configure:13021: checking for strtod in -lm
configure:13055: result: yes
configure:13066: checking for strtod() and other floating point functions
configure:13098: gcc -o conftest -g -O2   -L/usr/local/lib conftest.c -lm -ltinfo -lnsl  -lselinux  >&5
configure:13098: $? = 0
configure:13099: result: yes
configure:13109: checking for isinf()
configure:13130: gcc -o conftest -g -O2   -L/usr/local/lib conftest.c -lm -ltinfo -lnsl  -lselinux  >&5
configure:13130: $? = 0
configure:13131: result: yes
configure:13141: checking for isnan()
configure:13162: gcc -o conftest -g -O2   -L/usr/local/lib conftest.c -lm -ltinfo -lnsl  -lselinux  >&5
configure:13162: $? = 0
configure:13163: result: yes
configure:13173: checking --disable-acl argument
configure:13183: result: no
configure:13185: checking for acl_get_file in -lposix1e
configure:13219: result: no
configure:13224: checking for acl_get_file in -lacl
configure:13258: result: no
configure:13307: checking for POSIX ACL support
configure:13327: gcc -o conftest -g -O2   -L/usr/local/lib conftest.c -lm -ltinfo -lnsl  -lselinux  >&5
conftest.c:134:1: error: unknown type name 'acl_t'
 acl_t acl;
 ^~~~~
conftest.c: In function 'main':
conftest.c:138:7: warning: implicit declaration of function 'acl_get_file' [-Wimplicit-function-declaration]
 acl = acl_get_file("foo", ACL_TYPE_ACCESS);
       ^~~~~~~~~~~~
conftest.c:138:27: error: 'ACL_TYPE_ACCESS' undeclared (first use in this function)
 acl = acl_get_file("foo", ACL_TYPE_ACCESS);
                           ^~~~~~~~~~~~~~~
conftest.c:138:27: note: each undeclared identifier is reported only once for each function it appears in
conftest.c:139:2: warning: implicit declaration of function 'acl_set_file' [-Wimplicit-function-declaration]
  acl_set_file("foo", ACL_TYPE_ACCESS, acl);
  ^~~~~~~~~~~~
conftest.c:140:2: warning: implicit declaration of function 'acl_free' [-Wimplicit-function-declaration]
  acl_free(acl);
  ^~~~~~~~
configure:13327: $? = 1
configure: failed program was:
| /* confdefs.h */
| #define PACKAGE_NAME ""
| #define PACKAGE_TARNAME ""
| #define PACKAGE_VERSION ""
| #define PACKAGE_STRING ""
| #define PACKAGE_BUGREPORT ""
| #define PACKAGE_URL ""
| #define UNIX 1
| #define STDC_HEADERS 1
| #define HAVE_SYS_WAIT_H 1
| #define HAVE_UNSIGNED_LONG_LONG_INT 1
| #define HAVE_LONG_LONG_INT 1
| #define HAVE_SELINUX 1
| #define FEAT_HUGE 1
| #define USE_XSMP_INTERACT 1
| #define FEAT_PYTHON 1
| #define HAVE_LIBNSL 1
| #define FEAT_NETBEANS_INTG 1
| #define FEAT_JOB_CHANNEL 1
| #define FEAT_TERMINAL 1
| #define FEAT_MBYTE 1
| #define HAVE_X11 1
| #define HAVE_X11_SM_SMLIB_H 1
| #define HAVE_X11_SUNKEYSYM_H 1
| #define PROC_EXE_LINK "/proc/self/exe"
| #define HAVE_DATE_TIME 1
| #define HAVE_ATTRIBUTE_UNUSED 1
| #define HAVE_DIRENT_H 1
| #define HAVE_STDINT_H 1
| #define HAVE_STDLIB_H 1
| #define HAVE_STRING_H 1
| #define HAVE_SYS_SELECT_H 1
| #define HAVE_SYS_UTSNAME_H 1
| #define HAVE_TERMCAP_H 1
| #define HAVE_FCNTL_H 1
| #define HAVE_SGTTY_H 1
| #define HAVE_SYS_IOCTL_H 1
| #define HAVE_SYS_TIME_H 1
| #define HAVE_SYS_TYPES_H 1
| #define HAVE_TERMIO_H 1
| #define HAVE_ICONV_H 1
| #define HAVE_INTTYPES_H 1
| #define HAVE_LANGINFO_H 1
| #define HAVE_MATH_H 1
| #define HAVE_UNISTD_H 1
| #define HAVE_STROPTS_H 1
| #define HAVE_ERRNO_H 1
| #define HAVE_SYS_RESOURCE_H 1
| #define HAVE_LOCALE_H 1
| #define HAVE_TERMIOS_H 1
| #define HAVE_SYS_STATFS_H 1
| #define HAVE_POLL_H 1
| #define HAVE_SYS_POLL_H 1
| #define HAVE_PWD_H 1
| #define HAVE_UTIME_H 1
| #define HAVE_SYS_PARAM_H 1
| #define HAVE_LIBINTL_H 1
| #define HAVE_LIBGEN_H 1
| #define HAVE_SYS_SYSINFO_H 1
| #define HAVE_WCHAR_H 1
| #define HAVE_WCTYPE_H 1
| #define HAVE_SYS_SYSCTL_H 1
| #define HAVE_STRINGS_H 1
| #define TIME_WITH_SYS_TIME 1
| #define HAVE_LIBTINFO 1
| #define TERMINFO 1
| #define TGETENT_ZERO_ERR 0
| #define HAVE_OSPEED 1
| #define HAVE_UP_BC_PC 1
| #define SYS_SELECT_WITH_SYS_TIME 1
| #define HAVE_SVR4_PTYS 1
| #define RETSIGTYPE void
| #define SIGRETURN return
| #define HAVE_SIGCONTEXT 1
| #define HAVE_FCHDIR 1
| #define HAVE_FCHOWN 1
| #define HAVE_FCHMOD 1
| #define HAVE_FSYNC 1
| #define HAVE_GETCWD 1
| #define HAVE_GETPWENT 1
| #define HAVE_GETPWNAM 1
| #define HAVE_GETPWUID 1
| #define HAVE_GETRLIMIT 1
| #define HAVE_GETTIMEOFDAY 1
| #define HAVE_GETWD 1
| #define HAVE_LSTAT 1
| #define HAVE_MEMSET 1
| #define HAVE_MKDTEMP 1
| #define HAVE_NANOSLEEP 1
| #define HAVE_OPENDIR 1
| #define HAVE_PUTENV 1
| #define HAVE_QSORT 1
| #define HAVE_READLINK 1
| #define HAVE_SELECT 1
| #define HAVE_SETENV 1
| #define HAVE_GETPGID 1
| #define HAVE_SETPGID 1
| #define HAVE_SETSID 1
| #define HAVE_SIGALTSTACK 1
| #define HAVE_SIGSTACK 1
| #define HAVE_SIGSET 1
| #define HAVE_SIGACTION 1
| #define HAVE_SIGPROCMASK 1
| #define HAVE_STRCASECMP 1
| #define HAVE_STRERROR 1
| #define HAVE_STRFTIME 1
| #define HAVE_STRNCASECMP 1
| #define HAVE_STRPBRK 1
| #define HAVE_STRTOL 1
| #define HAVE_TGETENT 1
| #define HAVE_TOWLOWER 1
| #define HAVE_TOWUPPER 1
| #define HAVE_ISWUPPER 1
| #define HAVE_USLEEP 1
| #define HAVE_UTIME 1
| #define HAVE_UTIMES 1
| #define HAVE_MBLEN 1
| #define HAVE_FTRUNCATE 1
| #define HAVE_UNSETENV 1
| #define HAVE_FSEEKO 1
| #define HAVE_ST_BLKSIZE 1
| #define HAVE_ICONV 1
| #define HAVE_NL_LANGINFO_CODESET 1
| #define HAVE_LIBM 1
| #define HAVE_FLOAT_FUNCS 1
| #define HAVE_ISINF 1
| #define HAVE_ISNAN 1
| /* end confdefs.h.  */
| 
| #include <sys/types.h>
| #ifdef HAVE_SYS_ACL_H
| # include <sys/acl.h>
| #endif
| acl_t acl;
| int
| main ()
| {
| acl = acl_get_file("foo", ACL_TYPE_ACCESS);
| 	acl_set_file("foo", ACL_TYPE_ACCESS, acl);
| 	acl_free(acl);
|   ;
|   return 0;
| }
configure:13332: result: no
configure:13338: checking for acl_get in -lsec
configure:13372: result: no
configure:13378: checking for Solaris ACL support
configure:13395: gcc -o conftest -g -O2   -L/usr/local/lib conftest.c -lm -ltinfo -lnsl  -lselinux  >&5
conftest.c: In function 'main':
conftest.c:136:1: warning: implicit declaration of function 'acl' [-Wimplicit-function-declaration]
 acl("foo", GETACLCNT, 0, NULL);
 ^~~
conftest.c:136:12: error: 'GETACLCNT' undeclared (first use in this function)
 acl("foo", GETACLCNT, 0, NULL);
            ^~~~~~~~~
conftest.c:136:12: note: each undeclared identifier is reported only once for each function it appears in
conftest.c:136:26: error: 'NULL' undeclared (first use in this function)
 acl("foo", GETACLCNT, 0, NULL);
                          ^~~~
conftest.c:136:26: note: 'NULL' is defined in header '<stddef.h>'; did you forget to '#include <stddef.h>'?
conftest.c:1:1:
 /* confdefs.h */
conftest.c:136:26:
 acl("foo", GETACLCNT, 0, NULL);
                          ^~~~
configure:13395: $? = 1
configure: failed program was:
| /* confdefs.h */
| #define PACKAGE_NAME ""
| #define PACKAGE_TARNAME ""
| #define PACKAGE_VERSION ""
| #define PACKAGE_STRING ""
| #define PACKAGE_BUGREPORT ""
| #define PACKAGE_URL ""
| #define UNIX 1
| #define STDC_HEADERS 1
| #define HAVE_SYS_WAIT_H 1
| #define HAVE_UNSIGNED_LONG_LONG_INT 1
| #define HAVE_LONG_LONG_INT 1
| #define HAVE_SELINUX 1
| #define FEAT_HUGE 1
| #define USE_XSMP_INTERACT 1
| #define FEAT_PYTHON 1
| #define HAVE_LIBNSL 1
| #define FEAT_NETBEANS_INTG 1
| #define FEAT_JOB_CHANNEL 1
| #define FEAT_TERMINAL 1
| #define FEAT_MBYTE 1
| #define HAVE_X11 1
| #define HAVE_X11_SM_SMLIB_H 1
| #define HAVE_X11_SUNKEYSYM_H 1
| #define PROC_EXE_LINK "/proc/self/exe"
| #define HAVE_DATE_TIME 1
| #define HAVE_ATTRIBUTE_UNUSED 1
| #define HAVE_DIRENT_H 1
| #define HAVE_STDINT_H 1
| #define HAVE_STDLIB_H 1
| #define HAVE_STRING_H 1
| #define HAVE_SYS_SELECT_H 1
| #define HAVE_SYS_UTSNAME_H 1
| #define HAVE_TERMCAP_H 1
| #define HAVE_FCNTL_H 1
| #define HAVE_SGTTY_H 1
| #define HAVE_SYS_IOCTL_H 1
| #define HAVE_SYS_TIME_H 1
| #define HAVE_SYS_TYPES_H 1
| #define HAVE_TERMIO_H 1
| #define HAVE_ICONV_H 1
| #define HAVE_INTTYPES_H 1
| #define HAVE_LANGINFO_H 1
| #define HAVE_MATH_H 1
| #define HAVE_UNISTD_H 1
| #define HAVE_STROPTS_H 1
| #define HAVE_ERRNO_H 1
| #define HAVE_SYS_RESOURCE_H 1
| #define HAVE_LOCALE_H 1
| #define HAVE_TERMIOS_H 1
| #define HAVE_SYS_STATFS_H 1
| #define HAVE_POLL_H 1
| #define HAVE_SYS_POLL_H 1
| #define HAVE_PWD_H 1
| #define HAVE_UTIME_H 1
| #define HAVE_SYS_PARAM_H 1
| #define HAVE_LIBINTL_H 1
| #define HAVE_LIBGEN_H 1
| #define HAVE_SYS_SYSINFO_H 1
| #define HAVE_WCHAR_H 1
| #define HAVE_WCTYPE_H 1
| #define HAVE_SYS_SYSCTL_H 1
| #define HAVE_STRINGS_H 1
| #define TIME_WITH_SYS_TIME 1
| #define HAVE_LIBTINFO 1
| #define TERMINFO 1
| #define TGETENT_ZERO_ERR 0
| #define HAVE_OSPEED 1
| #define HAVE_UP_BC_PC 1
| #define SYS_SELECT_WITH_SYS_TIME 1
| #define HAVE_SVR4_PTYS 1
| #define RETSIGTYPE void
| #define SIGRETURN return
| #define HAVE_SIGCONTEXT 1
| #define HAVE_FCHDIR 1
| #define HAVE_FCHOWN 1
| #define HAVE_FCHMOD 1
| #define HAVE_FSYNC 1
| #define HAVE_GETCWD 1
| #define HAVE_GETPWENT 1
| #define HAVE_GETPWNAM 1
| #define HAVE_GETPWUID 1
| #define HAVE_GETRLIMIT 1
| #define HAVE_GETTIMEOFDAY 1
| #define HAVE_GETWD 1
| #define HAVE_LSTAT 1
| #define HAVE_MEMSET 1
| #define HAVE_MKDTEMP 1
| #define HAVE_NANOSLEEP 1
| #define HAVE_OPENDIR 1
| #define HAVE_PUTENV 1
| #define HAVE_QSORT 1
| #define HAVE_READLINK 1
| #define HAVE_SELECT 1
| #define HAVE_SETENV 1
| #define HAVE_GETPGID 1
| #define HAVE_SETPGID 1
| #define HAVE_SETSID 1
| #define HAVE_SIGALTSTACK 1
| #define HAVE_SIGSTACK 1
| #define HAVE_SIGSET 1
| #define HAVE_SIGACTION 1
| #define HAVE_SIGPROCMASK 1
| #define HAVE_STRCASECMP 1
| #define HAVE_STRERROR 1
| #define HAVE_STRFTIME 1
| #define HAVE_STRNCASECMP 1
| #define HAVE_STRPBRK 1
| #define HAVE_STRTOL 1
| #define HAVE_TGETENT 1
| #define HAVE_TOWLOWER 1
| #define HAVE_TOWUPPER 1
| #define HAVE_ISWUPPER 1
| #define HAVE_USLEEP 1
| #define HAVE_UTIME 1
| #define HAVE_UTIMES 1
| #define HAVE_MBLEN 1
| #define HAVE_FTRUNCATE 1
| #define HAVE_UNSETENV 1
| #define HAVE_FSEEKO 1
| #define HAVE_ST_BLKSIZE 1
| #define HAVE_ICONV 1
| #define HAVE_NL_LANGINFO_CODESET 1
| #define HAVE_LIBM 1
| #define HAVE_FLOAT_FUNCS 1
| #define HAVE_ISINF 1
| #define HAVE_ISNAN 1
| /* end confdefs.h.  */
| 
| #ifdef HAVE_SYS_ACL_H
| # include <sys/acl.h>
| #endif
| int
| main ()
| {
| acl("foo", GETACLCNT, 0, NULL);
| 
|   ;
|   return 0;
| }
configure:13400: result: no
configure:13408: checking for AIX ACL support
configure:13440: gcc -o conftest -g -O2   -L/usr/local/lib conftest.c -lm -ltinfo -lnsl  -lselinux  >&5
conftest.c: In function 'main':
conftest.c:149:18: error: invalid application of 'sizeof' to incomplete type 'struct acl'
 aclsize = sizeof(struct acl);
                  ^~~~~~
conftest.c:151:2: warning: implicit declaration of function 'statacl'; did you mean 'fstatat'? [-Wimplicit-function-declaration]
  statacl("foo", STX_NORMAL, aclent, aclsize);
  ^~~~~~~
  fstatat
conftest.c:151:17: error: 'STX_NORMAL' undeclared (first use in this function)
  statacl("foo", STX_NORMAL, aclent, aclsize);
                 ^~~~~~~~~~
conftest.c:151:17: note: each undeclared identifier is reported only once for each function it appears in
configure:13440: $? = 1
configure: failed program was:
| /* confdefs.h */
| #define PACKAGE_NAME ""
| #define PACKAGE_TARNAME ""
| #define PACKAGE_VERSION ""
| #define PACKAGE_STRING ""
| #define PACKAGE_BUGREPORT ""
| #define PACKAGE_URL ""
| #define UNIX 1
| #define STDC_HEADERS 1
| #define HAVE_SYS_WAIT_H 1
| #define HAVE_UNSIGNED_LONG_LONG_INT 1
| #define HAVE_LONG_LONG_INT 1
| #define HAVE_SELINUX 1
| #define FEAT_HUGE 1
| #define USE_XSMP_INTERACT 1
| #define FEAT_PYTHON 1
| #define HAVE_LIBNSL 1
| #define FEAT_NETBEANS_INTG 1
| #define FEAT_JOB_CHANNEL 1
| #define FEAT_TERMINAL 1
| #define FEAT_MBYTE 1
| #define HAVE_X11 1
| #define HAVE_X11_SM_SMLIB_H 1
| #define HAVE_X11_SUNKEYSYM_H 1
| #define PROC_EXE_LINK "/proc/self/exe"
| #define HAVE_DATE_TIME 1
| #define HAVE_ATTRIBUTE_UNUSED 1
| #define HAVE_DIRENT_H 1
| #define HAVE_STDINT_H 1
| #define HAVE_STDLIB_H 1
| #define HAVE_STRING_H 1
| #define HAVE_SYS_SELECT_H 1
| #define HAVE_SYS_UTSNAME_H 1
| #define HAVE_TERMCAP_H 1
| #define HAVE_FCNTL_H 1
| #define HAVE_SGTTY_H 1
| #define HAVE_SYS_IOCTL_H 1
| #define HAVE_SYS_TIME_H 1
| #define HAVE_SYS_TYPES_H 1
| #define HAVE_TERMIO_H 1
| #define HAVE_ICONV_H 1
| #define HAVE_INTTYPES_H 1
| #define HAVE_LANGINFO_H 1
| #define HAVE_MATH_H 1
| #define HAVE_UNISTD_H 1
| #define HAVE_STROPTS_H 1
| #define HAVE_ERRNO_H 1
| #define HAVE_SYS_RESOURCE_H 1
| #define HAVE_LOCALE_H 1
| #define HAVE_TERMIOS_H 1
| #define HAVE_SYS_STATFS_H 1
| #define HAVE_POLL_H 1
| #define HAVE_SYS_POLL_H 1
| #define HAVE_PWD_H 1
| #define HAVE_UTIME_H 1
| #define HAVE_SYS_PARAM_H 1
| #define HAVE_LIBINTL_H 1
| #define HAVE_LIBGEN_H 1
| #define HAVE_SYS_SYSINFO_H 1
| #define HAVE_WCHAR_H 1
| #define HAVE_WCTYPE_H 1
| #define HAVE_SYS_SYSCTL_H 1
| #define HAVE_STRINGS_H 1
| #define TIME_WITH_SYS_TIME 1
| #define HAVE_LIBTINFO 1
| #define TERMINFO 1
| #define TGETENT_ZERO_ERR 0
| #define HAVE_OSPEED 1
| #define HAVE_UP_BC_PC 1
| #define SYS_SELECT_WITH_SYS_TIME 1
| #define HAVE_SVR4_PTYS 1
| #define RETSIGTYPE void
| #define SIGRETURN return
| #define HAVE_SIGCONTEXT 1
| #define HAVE_FCHDIR 1
| #define HAVE_FCHOWN 1
| #define HAVE_FCHMOD 1
| #define HAVE_FSYNC 1
| #define HAVE_GETCWD 1
| #define HAVE_GETPWENT 1
| #define HAVE_GETPWNAM 1
| #define HAVE_GETPWUID 1
| #define HAVE_GETRLIMIT 1
| #define HAVE_GETTIMEOFDAY 1
| #define HAVE_GETWD 1
| #define HAVE_LSTAT 1
| #define HAVE_MEMSET 1
| #define HAVE_MKDTEMP 1
| #define HAVE_NANOSLEEP 1
| #define HAVE_OPENDIR 1
| #define HAVE_PUTENV 1
| #define HAVE_QSORT 1
| #define HAVE_READLINK 1
| #define HAVE_SELECT 1
| #define HAVE_SETENV 1
| #define HAVE_GETPGID 1
| #define HAVE_SETPGID 1
| #define HAVE_SETSID 1
| #define HAVE_SIGALTSTACK 1
| #define HAVE_SIGSTACK 1
| #define HAVE_SIGSET 1
| #define HAVE_SIGACTION 1
| #define HAVE_SIGPROCMASK 1
| #define HAVE_STRCASECMP 1
| #define HAVE_STRERROR 1
| #define HAVE_STRFTIME 1
| #define HAVE_STRNCASECMP 1
| #define HAVE_STRPBRK 1
| #define HAVE_STRTOL 1
| #define HAVE_TGETENT 1
| #define HAVE_TOWLOWER 1
| #define HAVE_TOWUPPER 1
| #define HAVE_ISWUPPER 1
| #define HAVE_USLEEP 1
| #define HAVE_UTIME 1
| #define HAVE_UTIMES 1
| #define HAVE_MBLEN 1
| #define HAVE_FTRUNCATE 1
| #define HAVE_UNSETENV 1
| #define HAVE_FSEEKO 1
| #define HAVE_ST_BLKSIZE 1
| #define HAVE_ICONV 1
| #define HAVE_NL_LANGINFO_CODESET 1
| #define HAVE_LIBM 1
| #define HAVE_FLOAT_FUNCS 1
| #define HAVE_ISINF 1
| #define HAVE_ISNAN 1
| /* end confdefs.h.  */
| 
| #if STDC_HEADERS
| # include <stdlib.h>
| # include <stddef.h>
| #endif
| #ifdef HAVE_SYS_ACL_H
| # include <sys/acl.h>
| #endif
| #ifdef HAVE_SYS_ACCESS_H
| # include <sys/access.h>
| #endif
| #define _ALL_SOURCE
| 
| #include <sys/stat.h>
| 
| int aclsize;
| struct acl *aclent;
| int
| main ()
| {
| aclsize = sizeof(struct acl);
| 	aclent = (void *)malloc(aclsize);
| 	statacl("foo", STX_NORMAL, aclent, aclsize);
| 
|   ;
|   return 0;
| }
configure:13445: result: no
configure:13487: checking --disable-gpm argument
configure:13498: result: no
configure:13500: checking for gpm
configure:13528: result: no
configure:13540: checking --disable-sysmouse argument
configure:13551: result: no
configure:13553: checking for sysmouse
configure:13584: result: no
configure:13595: checking for FD_CLOEXEC
configure:13610: gcc -c -g -O2  conftest.c >&5
configure:13610: $? = 0
configure:13611: result: yes
configure:13620: checking for rename
configure:13633: gcc -o conftest -g -O2   -L/usr/local/lib conftest.c -lm -ltinfo -lnsl  -lselinux  >&5
configure:13633: $? = 0
configure:13634: result: yes
configure:13644: checking for sysctl
configure:13665: gcc -c -g -O2  conftest.c >&5
conftest.c: In function 'main':
conftest.c:139:11: error: 'CTL_HW' undeclared (first use in this function); did you mean 'CTL_PM'?
  mib[0] = CTL_HW;
           ^~~~~~
           CTL_PM
conftest.c:139:11: note: each undeclared identifier is reported only once for each function it appears in
conftest.c:140:11: error: 'HW_USERMEM' undeclared (first use in this function)
  mib[1] = HW_USERMEM;
           ^~~~~~~~~~
configure:13665: $? = 1
configure: failed program was:
| /* confdefs.h */
| #define PACKAGE_NAME ""
| #define PACKAGE_TARNAME ""
| #define PACKAGE_VERSION ""
| #define PACKAGE_STRING ""
| #define PACKAGE_BUGREPORT ""
| #define PACKAGE_URL ""
| #define UNIX 1
| #define STDC_HEADERS 1
| #define HAVE_SYS_WAIT_H 1
| #define HAVE_UNSIGNED_LONG_LONG_INT 1
| #define HAVE_LONG_LONG_INT 1
| #define HAVE_SELINUX 1
| #define FEAT_HUGE 1
| #define USE_XSMP_INTERACT 1
| #define FEAT_PYTHON 1
| #define HAVE_LIBNSL 1
| #define FEAT_NETBEANS_INTG 1
| #define FEAT_JOB_CHANNEL 1
| #define FEAT_TERMINAL 1
| #define FEAT_MBYTE 1
| #define HAVE_X11 1
| #define HAVE_X11_SM_SMLIB_H 1
| #define HAVE_X11_SUNKEYSYM_H 1
| #define PROC_EXE_LINK "/proc/self/exe"
| #define HAVE_DATE_TIME 1
| #define HAVE_ATTRIBUTE_UNUSED 1
| #define HAVE_DIRENT_H 1
| #define HAVE_STDINT_H 1
| #define HAVE_STDLIB_H 1
| #define HAVE_STRING_H 1
| #define HAVE_SYS_SELECT_H 1
| #define HAVE_SYS_UTSNAME_H 1
| #define HAVE_TERMCAP_H 1
| #define HAVE_FCNTL_H 1
| #define HAVE_SGTTY_H 1
| #define HAVE_SYS_IOCTL_H 1
| #define HAVE_SYS_TIME_H 1
| #define HAVE_SYS_TYPES_H 1
| #define HAVE_TERMIO_H 1
| #define HAVE_ICONV_H 1
| #define HAVE_INTTYPES_H 1
| #define HAVE_LANGINFO_H 1
| #define HAVE_MATH_H 1
| #define HAVE_UNISTD_H 1
| #define HAVE_STROPTS_H 1
| #define HAVE_ERRNO_H 1
| #define HAVE_SYS_RESOURCE_H 1
| #define HAVE_LOCALE_H 1
| #define HAVE_TERMIOS_H 1
| #define HAVE_SYS_STATFS_H 1
| #define HAVE_POLL_H 1
| #define HAVE_SYS_POLL_H 1
| #define HAVE_PWD_H 1
| #define HAVE_UTIME_H 1
| #define HAVE_SYS_PARAM_H 1
| #define HAVE_LIBINTL_H 1
| #define HAVE_LIBGEN_H 1
| #define HAVE_SYS_SYSINFO_H 1
| #define HAVE_WCHAR_H 1
| #define HAVE_WCTYPE_H 1
| #define HAVE_SYS_SYSCTL_H 1
| #define HAVE_STRINGS_H 1
| #define TIME_WITH_SYS_TIME 1
| #define HAVE_LIBTINFO 1
| #define TERMINFO 1
| #define TGETENT_ZERO_ERR 0
| #define HAVE_OSPEED 1
| #define HAVE_UP_BC_PC 1
| #define SYS_SELECT_WITH_SYS_TIME 1
| #define HAVE_SVR4_PTYS 1
| #define RETSIGTYPE void
| #define SIGRETURN return
| #define HAVE_SIGCONTEXT 1
| #define HAVE_FCHDIR 1
| #define HAVE_FCHOWN 1
| #define HAVE_FCHMOD 1
| #define HAVE_FSYNC 1
| #define HAVE_GETCWD 1
| #define HAVE_GETPWENT 1
| #define HAVE_GETPWNAM 1
| #define HAVE_GETPWUID 1
| #define HAVE_GETRLIMIT 1
| #define HAVE_GETTIMEOFDAY 1
| #define HAVE_GETWD 1
| #define HAVE_LSTAT 1
| #define HAVE_MEMSET 1
| #define HAVE_MKDTEMP 1
| #define HAVE_NANOSLEEP 1
| #define HAVE_OPENDIR 1
| #define HAVE_PUTENV 1
| #define HAVE_QSORT 1
| #define HAVE_READLINK 1
| #define HAVE_SELECT 1
| #define HAVE_SETENV 1
| #define HAVE_GETPGID 1
| #define HAVE_SETPGID 1
| #define HAVE_SETSID 1
| #define HAVE_SIGALTSTACK 1
| #define HAVE_SIGSTACK 1
| #define HAVE_SIGSET 1
| #define HAVE_SIGACTION 1
| #define HAVE_SIGPROCMASK 1
| #define HAVE_STRCASECMP 1
| #define HAVE_STRERROR 1
| #define HAVE_STRFTIME 1
| #define HAVE_STRNCASECMP 1
| #define HAVE_STRPBRK 1
| #define HAVE_STRTOL 1
| #define HAVE_TGETENT 1
| #define HAVE_TOWLOWER 1
| #define HAVE_TOWUPPER 1
| #define HAVE_ISWUPPER 1
| #define HAVE_USLEEP 1
| #define HAVE_UTIME 1
| #define HAVE_UTIMES 1
| #define HAVE_MBLEN 1
| #define HAVE_FTRUNCATE 1
| #define HAVE_UNSETENV 1
| #define HAVE_FSEEKO 1
| #define HAVE_ST_BLKSIZE 1
| #define HAVE_ICONV 1
| #define HAVE_NL_LANGINFO_CODESET 1
| #define HAVE_LIBM 1
| #define HAVE_FLOAT_FUNCS 1
| #define HAVE_ISINF 1
| #define HAVE_ISNAN 1
| #define HAVE_FD_CLOEXEC 1
| #define HAVE_RENAME 1
| /* end confdefs.h.  */
| #include <sys/types.h>
| #include <sys/sysctl.h>
| int
| main ()
| {
| 	int mib[2], r;
| 	size_t len;
| 
| 	mib[0] = CTL_HW;
| 	mib[1] = HW_USERMEM;
| 	len = sizeof(r);
| 	(void)sysctl(mib, 2, &r, &len, (void *)0, (size_t)0);
| 
|   ;
|   return 0;
| }
configure:13670: result: not usable
configure:13675: checking for sysinfo
configure:13694: gcc -c -g -O2  conftest.c >&5
configure:13694: $? = 0
configure:13695: result: yes
configure:13704: checking for sysinfo.mem_unit
configure:13720: gcc -c -g -O2  conftest.c >&5
configure:13720: $? = 0
configure:13721: result: yes
configure:13730: checking for sysconf
configure:13745: gcc -c -g -O2  conftest.c >&5
configure:13745: $? = 0
configure:13746: result: yes
configure:13759: checking size of int
configure:13778: result: 4
configure:13792: checking size of long
configure:13811: result: 8
configure:13825: checking size of time_t
configure:13844: result: 8
configure:13858: checking size of off_t
configure:13877: result: 8
configure:13897: checking uint32_t is 32 bits
configure:13919: gcc -o conftest -g -O2   -L/usr/local/lib conftest.c -lm -ltinfo -lnsl  -lselinux  >&5
conftest.c:147:1: warning: return type defaults to 'int' [-Wimplicit-int]
 main() {
 ^~~~
conftest.c: In function 'main':
conftest.c:150:69: warning: implicit declaration of function 'exit' [-Wimplicit-function-declaration]
   if (sizeof(uint32_t) != 4 || nr1 != 0xffffffffUL || nr2 + 1 != 0) exit(1);
                                                                     ^~~~
conftest.c:150:69: warning: incompatible implicit declaration of built-in function 'exit'
conftest.c:150:69: note: include '<stdlib.h>' or provide a declaration of 'exit'
conftest.c:146:1:
+#include <stdlib.h>
 #endif
conftest.c:150:69:
   if (sizeof(uint32_t) != 4 || nr1 != 0xffffffffUL || nr2 + 1 != 0) exit(1);
                                                                     ^~~~
conftest.c:151:3: warning: incompatible implicit declaration of built-in function 'exit'
   exit(0);
   ^~~~
conftest.c:151:3: note: include '<stdlib.h>' or provide a declaration of 'exit'
configure:13919: $? = 0
configure:13919: ./conftest
configure:13919: $? = 0
configure:13920: result: ok
configure:13953: checking whether memmove handles overlaps
configure:13983: result: yes
configure:14074: checking whether X_LOCALE needed
configure:14087: gcc -c -g -O2    conftest.c >&5
configure:14087: $? = 0
configure:14106: gcc -o conftest -g -O2     -L/usr/local/lib conftest.c -lm -ltinfo -lnsl  -lselinux       -lSM -lICE -lXt -lX11  -lXdmcp -lSM -lICE >&5
/usr/bin/ld: /tmp/cc6CzDZm.o: in function `main':
/root/.vim/vim81/src/conftest.c:152: undefined reference to `_Xsetlocale'
collect2: error: ld returned 1 exit status
configure:14106: $? = 1
configure: failed program was:
| /* confdefs.h */
| #define PACKAGE_NAME ""
| #define PACKAGE_TARNAME ""
| #define PACKAGE_VERSION ""
| #define PACKAGE_STRING ""
| #define PACKAGE_BUGREPORT ""
| #define PACKAGE_URL ""
| #define UNIX 1
| #define STDC_HEADERS 1
| #define HAVE_SYS_WAIT_H 1
| #define HAVE_UNSIGNED_LONG_LONG_INT 1
| #define HAVE_LONG_LONG_INT 1
| #define HAVE_SELINUX 1
| #define FEAT_HUGE 1
| #define USE_XSMP_INTERACT 1
| #define FEAT_PYTHON 1
| #define HAVE_LIBNSL 1
| #define FEAT_NETBEANS_INTG 1
| #define FEAT_JOB_CHANNEL 1
| #define FEAT_TERMINAL 1
| #define FEAT_MBYTE 1
| #define HAVE_X11 1
| #define HAVE_X11_SM_SMLIB_H 1
| #define HAVE_X11_SUNKEYSYM_H 1
| #define PROC_EXE_LINK "/proc/self/exe"
| #define HAVE_DATE_TIME 1
| #define HAVE_ATTRIBUTE_UNUSED 1
| #define HAVE_DIRENT_H 1
| #define HAVE_STDINT_H 1
| #define HAVE_STDLIB_H 1
| #define HAVE_STRING_H 1
| #define HAVE_SYS_SELECT_H 1
| #define HAVE_SYS_UTSNAME_H 1
| #define HAVE_TERMCAP_H 1
| #define HAVE_FCNTL_H 1
| #define HAVE_SGTTY_H 1
| #define HAVE_SYS_IOCTL_H 1
| #define HAVE_SYS_TIME_H 1
| #define HAVE_SYS_TYPES_H 1
| #define HAVE_TERMIO_H 1
| #define HAVE_ICONV_H 1
| #define HAVE_INTTYPES_H 1
| #define HAVE_LANGINFO_H 1
| #define HAVE_MATH_H 1
| #define HAVE_UNISTD_H 1
| #define HAVE_STROPTS_H 1
| #define HAVE_ERRNO_H 1
| #define HAVE_SYS_RESOURCE_H 1
| #define HAVE_LOCALE_H 1
| #define HAVE_TERMIOS_H 1
| #define HAVE_SYS_STATFS_H 1
| #define HAVE_POLL_H 1
| #define HAVE_SYS_POLL_H 1
| #define HAVE_PWD_H 1
| #define HAVE_UTIME_H 1
| #define HAVE_SYS_PARAM_H 1
| #define HAVE_LIBINTL_H 1
| #define HAVE_LIBGEN_H 1
| #define HAVE_SYS_SYSINFO_H 1
| #define HAVE_WCHAR_H 1
| #define HAVE_WCTYPE_H 1
| #define HAVE_SYS_SYSCTL_H 1
| #define HAVE_STRINGS_H 1
| #define TIME_WITH_SYS_TIME 1
| #define HAVE_LIBTINFO 1
| #define TERMINFO 1
| #define TGETENT_ZERO_ERR 0
| #define HAVE_OSPEED 1
| #define HAVE_UP_BC_PC 1
| #define SYS_SELECT_WITH_SYS_TIME 1
| #define HAVE_SVR4_PTYS 1
| #define RETSIGTYPE void
| #define SIGRETURN return
| #define HAVE_SIGCONTEXT 1
| #define HAVE_FCHDIR 1
| #define HAVE_FCHOWN 1
| #define HAVE_FCHMOD 1
| #define HAVE_FSYNC 1
| #define HAVE_GETCWD 1
| #define HAVE_GETPWENT 1
| #define HAVE_GETPWNAM 1
| #define HAVE_GETPWUID 1
| #define HAVE_GETRLIMIT 1
| #define HAVE_GETTIMEOFDAY 1
| #define HAVE_GETWD 1
| #define HAVE_LSTAT 1
| #define HAVE_MEMSET 1
| #define HAVE_MKDTEMP 1
| #define HAVE_NANOSLEEP 1
| #define HAVE_OPENDIR 1
| #define HAVE_PUTENV 1
| #define HAVE_QSORT 1
| #define HAVE_READLINK 1
| #define HAVE_SELECT 1
| #define HAVE_SETENV 1
| #define HAVE_GETPGID 1
| #define HAVE_SETPGID 1
| #define HAVE_SETSID 1
| #define HAVE_SIGALTSTACK 1
| #define HAVE_SIGSTACK 1
| #define HAVE_SIGSET 1
| #define HAVE_SIGACTION 1
| #define HAVE_SIGPROCMASK 1
| #define HAVE_STRCASECMP 1
| #define HAVE_STRERROR 1
| #define HAVE_STRFTIME 1
| #define HAVE_STRNCASECMP 1
| #define HAVE_STRPBRK 1
| #define HAVE_STRTOL 1
| #define HAVE_TGETENT 1
| #define HAVE_TOWLOWER 1
| #define HAVE_TOWUPPER 1
| #define HAVE_ISWUPPER 1
| #define HAVE_USLEEP 1
| #define HAVE_UTIME 1
| #define HAVE_UTIMES 1
| #define HAVE_MBLEN 1
| #define HAVE_FTRUNCATE 1
| #define HAVE_UNSETENV 1
| #define HAVE_FSEEKO 1
| #define HAVE_ST_BLKSIZE 1
| #define HAVE_ICONV 1
| #define HAVE_NL_LANGINFO_CODESET 1
| #define HAVE_LIBM 1
| #define HAVE_FLOAT_FUNCS 1
| #define HAVE_ISINF 1
| #define HAVE_ISNAN 1
| #define HAVE_FD_CLOEXEC 1
| #define HAVE_RENAME 1
| #define HAVE_SYSINFO 1
| #define HAVE_SYSINFO_MEM_UNIT 1
| #define HAVE_SYSCONF 1
| #define SIZEOF_INT 4
| #define SIZEOF_LONG 8
| #define SIZEOF_TIME_T 8
| #define SIZEOF_OFF_T 8
| #define VIM_SIZEOF_INT 4
| #define VIM_SIZEOF_LONG 8
| #define USEMEMMOVE 1
| /* end confdefs.h.  */
| 
| /* Override any GCC internal prototype to avoid an error.
|    Use char because int might match the return type of a GCC
|    builtin and then its argument prototype would still apply.  */
| #ifdef __cplusplus
| extern "C"
| #endif
| char _Xsetlocale ();
| int
| main ()
| {
| return _Xsetlocale ();
|   ;
|   return 0;
| }
configure:14112: result: no
configure:14123: checking whether Xutf8SetWMProperties() can be used
configure:14143: gcc -o conftest -g -O2     -L/usr/local/lib conftest.c -lm -ltinfo -lnsl  -lselinux       -lSM -lICE -lXt -lX11  -lXdmcp -lSM -lICE >&5
configure:14143: $? = 0
configure:14144: result: yes
configure:14159: checking for _xpg4_setrunelocale in -lxpg4
configure:14193: result: no
configure:14200: checking how to create tags
Exuberant Ctags 5.9~svn20110310, Copyright (C) 1996-2009 Darren Hiebert
configure:14220: result: ctags -I INIT+ --fields=+S
configure:14223: checking how to run man with a section nr
configure:14227: result: man -s
configure:14234: checking --disable-nls argument
configure:14245: result: no
configure:14255: checking for msgfmt
configure:14282: result: msgfmt
configure:14290: checking for NLS
configure:14308: gcc -o conftest -g -O2   -L/usr/local/lib conftest.c  >&5
configure:14308: $? = 0
configure:14309: result: gettext() works
configure:14349: checking for bind_textdomain_codeset
configure:14349: result: yes
configure:14358: checking for _nl_msg_cat_cntr
configure:14372: gcc -o conftest -g -O2   -L/usr/local/lib conftest.c -lm -ltinfo -lnsl  -lselinux  >&5
configure:14372: $? = 0
configure:14373: result: yes
configure:14392: checking for dlfcn.h
configure:14392: result: yes
configure:14409: checking for dlopen()
configure:14425: gcc -o conftest -g -O2   -L/usr/local/lib conftest.c -lm -ltinfo -lnsl  -lselinux  >&5
/usr/bin/ld: /tmp/cciC4xHf.o: undefined reference to symbol 'dlopen@@GLIBC_2.2.5'
/usr/bin/ld: //lib/x86_64-linux-gnu/libdl.so.2: error adding symbols: DSO missing from command line
collect2: error: ld returned 1 exit status
configure:14425: $? = 1
configure: failed program was:
| /* confdefs.h */
| #define PACKAGE_NAME ""
| #define PACKAGE_TARNAME ""
| #define PACKAGE_VERSION ""
| #define PACKAGE_STRING ""
| #define PACKAGE_BUGREPORT ""
| #define PACKAGE_URL ""
| #define UNIX 1
| #define STDC_HEADERS 1
| #define HAVE_SYS_WAIT_H 1
| #define HAVE_UNSIGNED_LONG_LONG_INT 1
| #define HAVE_LONG_LONG_INT 1
| #define HAVE_SELINUX 1
| #define FEAT_HUGE 1
| #define USE_XSMP_INTERACT 1
| #define FEAT_PYTHON 1
| #define HAVE_LIBNSL 1
| #define FEAT_NETBEANS_INTG 1
| #define FEAT_JOB_CHANNEL 1
| #define FEAT_TERMINAL 1
| #define FEAT_MBYTE 1
| #define HAVE_X11 1
| #define HAVE_X11_SM_SMLIB_H 1
| #define HAVE_X11_SUNKEYSYM_H 1
| #define PROC_EXE_LINK "/proc/self/exe"
| #define HAVE_DATE_TIME 1
| #define HAVE_ATTRIBUTE_UNUSED 1
| #define HAVE_DIRENT_H 1
| #define HAVE_STDINT_H 1
| #define HAVE_STDLIB_H 1
| #define HAVE_STRING_H 1
| #define HAVE_SYS_SELECT_H 1
| #define HAVE_SYS_UTSNAME_H 1
| #define HAVE_TERMCAP_H 1
| #define HAVE_FCNTL_H 1
| #define HAVE_SGTTY_H 1
| #define HAVE_SYS_IOCTL_H 1
| #define HAVE_SYS_TIME_H 1
| #define HAVE_SYS_TYPES_H 1
| #define HAVE_TERMIO_H 1
| #define HAVE_ICONV_H 1
| #define HAVE_INTTYPES_H 1
| #define HAVE_LANGINFO_H 1
| #define HAVE_MATH_H 1
| #define HAVE_UNISTD_H 1
| #define HAVE_STROPTS_H 1
| #define HAVE_ERRNO_H 1
| #define HAVE_SYS_RESOURCE_H 1
| #define HAVE_LOCALE_H 1
| #define HAVE_TERMIOS_H 1
| #define HAVE_SYS_STATFS_H 1
| #define HAVE_POLL_H 1
| #define HAVE_SYS_POLL_H 1
| #define HAVE_PWD_H 1
| #define HAVE_UTIME_H 1
| #define HAVE_SYS_PARAM_H 1
| #define HAVE_LIBINTL_H 1
| #define HAVE_LIBGEN_H 1
| #define HAVE_SYS_SYSINFO_H 1
| #define HAVE_WCHAR_H 1
| #define HAVE_WCTYPE_H 1
| #define HAVE_SYS_SYSCTL_H 1
| #define HAVE_STRINGS_H 1
| #define TIME_WITH_SYS_TIME 1
| #define HAVE_LIBTINFO 1
| #define TERMINFO 1
| #define TGETENT_ZERO_ERR 0
| #define HAVE_OSPEED 1
| #define HAVE_UP_BC_PC 1
| #define SYS_SELECT_WITH_SYS_TIME 1
| #define HAVE_SVR4_PTYS 1
| #define RETSIGTYPE void
| #define SIGRETURN return
| #define HAVE_SIGCONTEXT 1
| #define HAVE_FCHDIR 1
| #define HAVE_FCHOWN 1
| #define HAVE_FCHMOD 1
| #define HAVE_FSYNC 1
| #define HAVE_GETCWD 1
| #define HAVE_GETPWENT 1
| #define HAVE_GETPWNAM 1
| #define HAVE_GETPWUID 1
| #define HAVE_GETRLIMIT 1
| #define HAVE_GETTIMEOFDAY 1
| #define HAVE_GETWD 1
| #define HAVE_LSTAT 1
| #define HAVE_MEMSET 1
| #define HAVE_MKDTEMP 1
| #define HAVE_NANOSLEEP 1
| #define HAVE_OPENDIR 1
| #define HAVE_PUTENV 1
| #define HAVE_QSORT 1
| #define HAVE_READLINK 1
| #define HAVE_SELECT 1
| #define HAVE_SETENV 1
| #define HAVE_GETPGID 1
| #define HAVE_SETPGID 1
| #define HAVE_SETSID 1
| #define HAVE_SIGALTSTACK 1
| #define HAVE_SIGSTACK 1
| #define HAVE_SIGSET 1
| #define HAVE_SIGACTION 1
| #define HAVE_SIGPROCMASK 1
| #define HAVE_STRCASECMP 1
| #define HAVE_STRERROR 1
| #define HAVE_STRFTIME 1
| #define HAVE_STRNCASECMP 1
| #define HAVE_STRPBRK 1
| #define HAVE_STRTOL 1
| #define HAVE_TGETENT 1
| #define HAVE_TOWLOWER 1
| #define HAVE_TOWUPPER 1
| #define HAVE_ISWUPPER 1
| #define HAVE_USLEEP 1
| #define HAVE_UTIME 1
| #define HAVE_UTIMES 1
| #define HAVE_MBLEN 1
| #define HAVE_FTRUNCATE 1
| #define HAVE_UNSETENV 1
| #define HAVE_FSEEKO 1
| #define HAVE_ST_BLKSIZE 1
| #define HAVE_ICONV 1
| #define HAVE_NL_LANGINFO_CODESET 1
| #define HAVE_LIBM 1
| #define HAVE_FLOAT_FUNCS 1
| #define HAVE_ISINF 1
| #define HAVE_ISNAN 1
| #define HAVE_FD_CLOEXEC 1
| #define HAVE_RENAME 1
| #define HAVE_SYSINFO 1
| #define HAVE_SYSINFO_MEM_UNIT 1
| #define HAVE_SYSCONF 1
| #define SIZEOF_INT 4
| #define SIZEOF_LONG 8
| #define SIZEOF_TIME_T 8
| #define SIZEOF_OFF_T 8
| #define VIM_SIZEOF_INT 4
| #define VIM_SIZEOF_LONG 8
| #define USEMEMMOVE 1
| #define HAVE_XUTF8SETWMPROPERTIES 1
| #define USEMAN_S 1
| #define HAVE_GETTEXT 1
| #define HAVE_BIND_TEXTDOMAIN_CODESET 1
| #define HAVE_NL_MSG_CAT_CNTR 1
| #define HAVE_DLFCN_H 1
| /* end confdefs.h.  */
| 
| int
| main ()
| {
| 
| 		extern void* dlopen();
| 		dlopen();
| 
|   ;
|   return 0;
| }
configure:14432: result: no
configure:14434: checking for dlopen() in -ldl
configure:14452: gcc -o conftest -g -O2   -L/usr/local/lib conftest.c -lm -ltinfo -lnsl  -lselinux  -ldl >&5
configure:14452: $? = 0
configure:14453: result: yes
configure:14468: checking for dlsym()
configure:14484: gcc -o conftest -g -O2   -L/usr/local/lib conftest.c -lm -ltinfo -lnsl  -lselinux  -ldl >&5
configure:14484: $? = 0
configure:14485: result: yes
configure:14593: checking for setjmp.h
configure:14593: result: yes
configure:14656: checking for GCC 3 or later
configure:14661: result: yes
configure:14667: checking whether we need -D_FORTIFY_SOURCE=1
configure:14671: result: yes
configure:14680: checking whether we need to force -D_FILE_OFFSET_BITS=64
configure:14688: result: no
configure:14692: checking linker --as-needed support
configure:14701: result: yes
configure:14773: updating cache auto/config.cache
configure:14823: creating auto/config.status

## ---------------------- ##
## Running config.status. ##
## ---------------------- ##

This file was extended by config.status, which was
generated by GNU Autoconf 2.69.  Invocation command line was

  CONFIG_FILES    = 
  CONFIG_HEADERS  = 
  CONFIG_LINKS    = 
  CONFIG_COMMANDS = 
  $ auto/config.status 

on tdznlin

config.status:1034: creating auto/config.mk
config.status:1034: creating auto/config.h

## ---------------- ##
## Cache variables. ##
## ---------------- ##

ac_cv_c_bigendian=no
ac_cv_c_compiler_gnu=yes
ac_cv_c_const=yes
ac_cv_c_inline=inline
ac_cv_c_uint32_t=yes
ac_cv_c_volatile=yes
ac_cv_env_CC_set=
ac_cv_env_CC_value=
ac_cv_env_CFLAGS_set=
ac_cv_env_CFLAGS_value=
ac_cv_env_CPPFLAGS_set=
ac_cv_env_CPPFLAGS_value=
ac_cv_env_CPP_set=
ac_cv_env_CPP_value=
ac_cv_env_LDFLAGS_set=
ac_cv_env_LDFLAGS_value=
ac_cv_env_LIBS_set=
ac_cv_env_LIBS_value=
ac_cv_env_XMKMF_set=
ac_cv_env_XMKMF_value=
ac_cv_env_build_alias_set=
ac_cv_env_build_alias_value=
ac_cv_env_host_alias_set=
ac_cv_env_host_alias_value=
ac_cv_env_target_alias_set=
ac_cv_env_target_alias_value=
ac_cv_func_bind_textdomain_codeset=yes
ac_cv_func_connect=yes
ac_cv_func_fchdir=yes
ac_cv_func_fchmod=yes
ac_cv_func_fchown=yes
ac_cv_func_fsync=yes
ac_cv_func_ftruncate=yes
ac_cv_func_getcwd=yes
ac_cv_func_gethostbyname=yes
ac_cv_func_getpgid=yes
ac_cv_func_getpseudotty=no
ac_cv_func_getpwent=yes
ac_cv_func_getpwnam=yes
ac_cv_func_getpwuid=yes
ac_cv_func_getrlimit=yes
ac_cv_func_gettimeofday=yes
ac_cv_func_getwd=yes
ac_cv_func_iswupper=yes
ac_cv_func_lstat=yes
ac_cv_func_mblen=yes
ac_cv_func_memset=yes
ac_cv_func_mkdtemp=yes
ac_cv_func_nanosleep=yes
ac_cv_func_opendir=yes
ac_cv_func_putenv=yes
ac_cv_func_qsort=yes
ac_cv_func_readlink=yes
ac_cv_func_remove=yes
ac_cv_func_select=yes
ac_cv_func_setenv=yes
ac_cv_func_setpgid=yes
ac_cv_func_setsid=yes
ac_cv_func_shmat=yes
ac_cv_func_sigaction=yes
ac_cv_func_sigaltstack=yes
ac_cv_func_sigprocmask=yes
ac_cv_func_sigset=yes
ac_cv_func_sigsetjmp=no
ac_cv_func_sigstack=yes
ac_cv_func_sigvec=no
ac_cv_func_strcasecmp=yes
ac_cv_func_strerror=yes
ac_cv_func_strftime=yes
ac_cv_func_stricmp=no
ac_cv_func_strncasecmp=yes
ac_cv_func_strnicmp=no
ac_cv_func_strpbrk=yes
ac_cv_func_strtol=yes
ac_cv_func_tgetent=yes
ac_cv_func_towlower=yes
ac_cv_func_towupper=yes
ac_cv_func_unsetenv=yes
ac_cv_func_usleep=yes
ac_cv_func_utime=yes
ac_cv_func_utimes=yes
ac_cv_have_x='have_x=yes	ac_x_includes='\'''\''	ac_x_libraries='\'''\'''
ac_cv_header_AvailabilityMacros_h=no
ac_cv_header_X11_SM_SMlib_h=yes
ac_cv_header_X11_Sunkeysym_h=yes
ac_cv_header_X11_xpm_h=no
ac_cv_header_attr_xattr_h=no
ac_cv_header_dirent_dirent_h=yes
ac_cv_header_dlfcn_h=yes
ac_cv_header_elf_h=yes
ac_cv_header_errno_h=yes
ac_cv_header_fcntl_h=yes
ac_cv_header_frame_h=no
ac_cv_header_iconv_h=yes
ac_cv_header_inttypes_h=yes
ac_cv_header_langinfo_h=yes
ac_cv_header_libc_h=no
ac_cv_header_libgen_h=yes
ac_cv_header_libintl_h=yes
ac_cv_header_linux_xattr_h=yes
ac_cv_header_locale_h=yes
ac_cv_header_math_h=yes
ac_cv_header_poll_h=yes
ac_cv_header_pwd_h=yes
ac_cv_header_selinux_selinux_h=yes
ac_cv_header_setjmp_h=yes
ac_cv_header_sgtty_h=yes
ac_cv_header_stdc=yes
ac_cv_header_stdint_h=yes
ac_cv_header_stdlib_h=yes
ac_cv_header_string_h=yes
ac_cv_header_strings_h=yes
ac_cv_header_stropts_h=yes
ac_cv_header_sys_access_h=no
ac_cv_header_sys_acl_h=no
ac_cv_header_sys_ioctl_h=yes
ac_cv_header_sys_param_h=yes
ac_cv_header_sys_poll_h=yes
ac_cv_header_sys_ptem_h=no
ac_cv_header_sys_resource_h=yes
ac_cv_header_sys_select_h=yes
ac_cv_header_sys_statfs_h=yes
ac_cv_header_sys_stream_h=no
ac_cv_header_sys_sysctl_h=yes
ac_cv_header_sys_sysinfo_h=yes
ac_cv_header_sys_systeminfo_h=no
ac_cv_header_sys_time_h=yes
ac_cv_header_sys_types_h=yes
ac_cv_header_sys_utsname_h=yes
ac_cv_header_sys_wait_h=yes
ac_cv_header_termcap_h=yes
ac_cv_header_termio_h=yes
ac_cv_header_termios_h=yes
ac_cv_header_time=yes
ac_cv_header_unistd_h=yes
ac_cv_header_util_debug_h=no
ac_cv_header_util_msg18n_h=no
ac_cv_header_utime_h=yes
ac_cv_header_wchar_h=yes
ac_cv_header_wctype_h=yes
ac_cv_lib_ICE_IceConnectionNumber=yes
ac_cv_lib_ICE_IceOpenConnection=yes
ac_cv_lib_Xdmcp__XdmcpAuthDoIt=yes
ac_cv_lib_Xpm_XpmCreatePixmapFromData=no
ac_cv_lib_acl_acl_get_file=no
ac_cv_lib_elf_main=no
ac_cv_lib_m_strtod=yes
ac_cv_lib_nsl_gethostbyname=yes
ac_cv_lib_posix1e_acl_get_file=no
ac_cv_lib_sec_acl_get=no
ac_cv_lib_selinux_is_selinux_enabled=yes
ac_cv_lib_socket_socket=no
ac_cv_lib_tinfo___tgetent=yes
ac_cv_lib_xpg4__xpg4_setrunelocale=no
ac_cv_objext=o
ac_cv_path_EGREP='/bin/grep -E'
ac_cv_path_FGREP='/bin/grep -F'
ac_cv_path_GREP=/bin/grep
ac_cv_path_ac_pt_PKG_CONFIG=/usr/bin/pkg-config
ac_cv_path_vi_cv_path_python=/usr/bin/python2
ac_cv_prog_AWK=gawk
ac_cv_prog_CPP='gcc -E'
ac_cv_prog_MSGFMT=msgfmt
ac_cv_prog_STRIP=strip
ac_cv_prog_ac_ct_CC=gcc
ac_cv_prog_cc_c89=
ac_cv_prog_cc_c99=
ac_cv_prog_cc_g=yes
ac_cv_prog_gcc_traditional=no
ac_cv_prog_make_make_set=yes
ac_cv_search_opendir='none required'
ac_cv_search_strerror='none required'
ac_cv_sizeof_int=4
ac_cv_sizeof_long=8
ac_cv_sizeof_off_t=8
ac_cv_sizeof_time_t=8
ac_cv_small_wchar_t=no
ac_cv_sys_file_offset_bits=no
ac_cv_sys_largefile_CC=no
ac_cv_sys_largefile_source=no
ac_cv_type_dev_t=yes
ac_cv_type_ino_t=yes
ac_cv_type_long_long_int=yes
ac_cv_type_mode_t=yes
ac_cv_type_off_t=yes
ac_cv_type_pid_t=yes
ac_cv_type_rlim_t=yes
ac_cv_type_signal=void
ac_cv_type_size_t=yes
ac_cv_type_stack_t=yes
ac_cv_type_uid_t=yes
ac_cv_type_unsigned_long_long_int=yes
cf_cv_ebcdic=no
vi_cv_dll_name_python=libpython2.7.so.1.0
vi_cv_have_gpm=no
vi_cv_have_sysmouse=no
vi_cv_path_python=/usr/bin/python2
vi_cv_path_python_conf=/usr/lib/python2.7/config-x86_64-linux-gnu
vi_cv_path_python_epfx=/usr
vi_cv_path_python_pfx=/usr
vi_cv_path_python_plibs='-L/usr/lib/python2.7/config-x86_64-linux-gnu -lpython2.7 -lpthread -ldl -lutil -lm -Xlinker -export-dynamic -Wl,-O1 -Wl,-Bsymbolic-functions'
vi_cv_path_pythonpath=:/usr/lib/python2.7:/usr/lib/python2.7/plat-x86_64-linux-gnu:/usr/lib/python2.7/lib-tk:/usr/lib/python2.7/lib-old:/usr/lib/python2.7/lib-dynload:/usr/local/lib/python2.7/dist-packages:/usr/lib/python2.7/dist-packages:/usr/lib/python2.7/dist-packages/gtk-2.0:/usr/lib/python2.7/dist-packages/wx-3.0-gtk3
vi_cv_var_python_version=2.7
vim_cv_getcwd_broken=no
vim_cv_memmove_handles_overlap=yes
vim_cv_stat_ignores_slash=no
vim_cv_terminfo=yes
vim_cv_tgetent=zero
vim_cv_toupper_broken=no
vim_cv_tty_group=world

## ----------------- ##
## Output variables. ##
## ----------------- ##

AWK='gawk'
CC='gcc'
CFLAGS='-g -O2 -U_FORTIFY_SOURCE -D_FORTIFY_SOURCE=1'
CHANNEL_OBJ='objects/channel.o'
CHANNEL_SRC='channel.c'
CPP='gcc -E'
CPPFLAGS=''
CPP_MM='M'
CROSS_COMPILING=''
DEFS='-DHAVE_CONFIG_H'
DEPEND_CFLAGS_FILTER='| sed '\''s+-I */+-isystem /+g'\'''
ECHO_C=''
ECHO_N='-n'
ECHO_T=''
EGREP='/bin/grep -E'
EXEEXT=''
EXNAME='ex'
FGREP='/bin/grep -F'
GLIB_COMPILE_RESOURCES=''
GNOME_INCLUDEDIR=''
GNOME_LIBDIR=''
GNOME_LIBS=''
GREP='/bin/grep'
GRESOURCE_OBJ=''
GRESOURCE_SRC=''
GTK_CFLAGS=''
GTK_LIBNAME=''
GTK_LIBS=''
GTK_UPDATE_ICON_CACHE=''
GUITYPE='NONE'
GUI_INC_LOC=''
GUI_LIB_LOC=''
GUI_X_LIBS=''
HANGULIN_OBJ=''
HANGULIN_SRC=''
INSTALL_LANGS='install-languages'
INSTALL_TOOL_LANGS='install-tool-languages'
LDFLAGS=' -L/usr/local/lib -Wl,--as-needed'
LIBOBJS=''
LIBS='-lm -ltinfo -lnsl  -lselinux  -ldl'
LINK_AS_NEEDED='yes'
LTLIBOBJS=''
LUA_CFLAGS=''
LUA_LIBS=''
LUA_OBJ=''
LUA_PRO=''
LUA_SRC=''
MAKEMO='yes'
MOTIF_LIBNAME=''
MSGFMT='msgfmt'
MZSCHEME_CFLAGS=''
MZSCHEME_EXTRA=''
MZSCHEME_LIBS=''
MZSCHEME_MZC=''
MZSCHEME_OBJ=''
MZSCHEME_PRO=''
MZSCHEME_SRC=''
NARROW_PROTO=''
NETBEANS_OBJ='objects/netbeans.o'
NETBEANS_SRC='netbeans.c'
OBJEXT='o'
OS_EXTRA_OBJ=''
OS_EXTRA_SRC=''
PACKAGE_BUGREPORT=''
PACKAGE_NAME=''
PACKAGE_STRING=''
PACKAGE_TARNAME=''
PACKAGE_URL=''
PACKAGE_VERSION=''
PATH_SEPARATOR=':'
PERL_CFLAGS=''
PERL_LIBS=''
PERL_OBJ=''
PERL_PRO=''
PERL_SRC=''
PKG_CONFIG='/usr/bin/pkg-config'
PYTHON3_CFLAGS=''
PYTHON3_LIBS=''
PYTHON3_OBJ=''
PYTHON3_SRC=''
PYTHON_CFLAGS='-I/usr/include/python2.7 -pthread -fPIE'
PYTHON_LIBS='-L/usr/lib/python2.7/config-x86_64-linux-gnu -lpython2.7 -lpthread -ldl -lutil -lm -Xlinker -export-dynamic -Wl,-O1 -Wl,-Bsymbolic-functions'
PYTHON_OBJ='objects/if_python.o'
PYTHON_SRC='if_python.c'
QUOTESED='sed -e '\''s/[\\"]/\\&/g'\'' -e '\''s/\\"/"/'\'' -e '\''s/\\";$$/";/'\'''
RUBY_CFLAGS=''
RUBY_LIBS=''
RUBY_OBJ=''
RUBY_PRO=''
RUBY_SRC=''
SET_MAKE=''
SHELL='/bin/bash'
STRIP='strip'
TAGPRG='ctags -I INIT+ --fields=+S'
TCL_CFLAGS=''
TCL_LIBS=''
TCL_OBJ=''
TCL_PRO=''
TCL_SRC=''
TERM_OBJ='objects/term_encoding.o objects/term_keyboard.o objects/term_mouse.o objects/term_parser.o objects/term_pen.o objects/term_screen.o objects/term_state.o objects/term_unicode.o objects/term_vterm.o'
TERM_SRC='libvterm/src/encoding.c libvterm/src/keyboard.c libvterm/src/mouse.c libvterm/src/parser.c libvterm/src/pen.c libvterm/src/screen.c libvterm/src/state.c libvterm/src/unicode.c libvterm/src/vterm.c'
UPDATE_DESKTOP_DATABASE=''
VIEWNAME='view'
VIMNAME='vim'
WORKSHOP_OBJ=''
WORKSHOP_SRC=''
XCODE_SELECT=''
XMKMF=''
X_CFLAGS=' '
X_EXTRA_LIBS=' -lXdmcp -lSM -lICE'
X_LIB='-lXt -lX11'
X_LIBS=' '
X_PRE_LIBS=' -lSM -lICE'
ac_ct_CC='gcc'
bindir='${exec_prefix}/bin'
build_alias=''
compiledby=''
datadir='${datarootdir}'
datarootdir='${prefix}/share'
docdir='${datarootdir}/doc/${PACKAGE}'
dogvimdiff='installgvimdiff'
dovimdiff='installvimdiff'
dvidir='${docdir}'
exec_prefix='${prefix}'
host_alias=''
htmldir='${docdir}'
includedir='${prefix}/include'
infodir='${datarootdir}/info'
libdir='${exec_prefix}/lib'
libexecdir='${exec_prefix}/libexec'
line_break='"\\012"'
localedir='${datarootdir}/locale'
localstatedir='${prefix}/var'
mandir='${datarootdir}/man'
oldincludedir='/usr/include'
pdfdir='${docdir}'
prefix='/opt/local'
program_transform_name='s,x,x,'
psdir='${docdir}'
runstatedir='${localstatedir}/run'
sbindir='${exec_prefix}/sbin'
sharedstatedir='${prefix}/com'
shrpenv=''
sysconfdir='${prefix}/etc'
target_alias=''
vi_cv_path_lua=''
vi_cv_path_luajit=''
vi_cv_path_mzscheme=''
vi_cv_path_perl=''
vi_cv_path_plain_lua=''
vi_cv_path_python3=''
vi_cv_path_python='/usr/bin/python2'
vi_cv_path_ruby=''
vi_cv_path_tcl=''
vi_cv_perl_xsubpp=''
vi_cv_perllib=''
xmkmfpath=''

## ----------- ##
## confdefs.h. ##
## ----------- ##

/* confdefs.h */
#define PACKAGE_NAME ""
#define PACKAGE_TARNAME ""
#define PACKAGE_VERSION ""
#define PACKAGE_STRING ""
#define PACKAGE_BUGREPORT ""
#define PACKAGE_URL ""
#define UNIX 1
#define STDC_HEADERS 1
#define HAVE_SYS_WAIT_H 1
#define HAVE_UNSIGNED_LONG_LONG_INT 1
#define HAVE_LONG_LONG_INT 1
#define HAVE_SELINUX 1
#define FEAT_HUGE 1
#define USE_XSMP_INTERACT 1
#define FEAT_PYTHON 1
#define HAVE_LIBNSL 1
#define FEAT_NETBEANS_INTG 1
#define FEAT_JOB_CHANNEL 1
#define FEAT_TERMINAL 1
#define FEAT_MBYTE 1
#define HAVE_X11 1
#define HAVE_X11_SM_SMLIB_H 1
#define HAVE_X11_SUNKEYSYM_H 1
#define PROC_EXE_LINK "/proc/self/exe"
#define HAVE_DATE_TIME 1
#define HAVE_ATTRIBUTE_UNUSED 1
#define HAVE_DIRENT_H 1
#define HAVE_STDINT_H 1
#define HAVE_STDLIB_H 1
#define HAVE_STRING_H 1
#define HAVE_SYS_SELECT_H 1
#define HAVE_SYS_UTSNAME_H 1
#define HAVE_TERMCAP_H 1
#define HAVE_FCNTL_H 1
#define HAVE_SGTTY_H 1
#define HAVE_SYS_IOCTL_H 1
#define HAVE_SYS_TIME_H 1
#define HAVE_SYS_TYPES_H 1
#define HAVE_TERMIO_H 1
#define HAVE_ICONV_H 1
#define HAVE_INTTYPES_H 1
#define HAVE_LANGINFO_H 1
#define HAVE_MATH_H 1
#define HAVE_UNISTD_H 1
#define HAVE_STROPTS_H 1
#define HAVE_ERRNO_H 1
#define HAVE_SYS_RESOURCE_H 1
#define HAVE_LOCALE_H 1
#define HAVE_TERMIOS_H 1
#define HAVE_SYS_STATFS_H 1
#define HAVE_POLL_H 1
#define HAVE_SYS_POLL_H 1
#define HAVE_PWD_H 1
#define HAVE_UTIME_H 1
#define HAVE_SYS_PARAM_H 1
#define HAVE_LIBINTL_H 1
#define HAVE_LIBGEN_H 1
#define HAVE_SYS_SYSINFO_H 1
#define HAVE_WCHAR_H 1
#define HAVE_WCTYPE_H 1
#define HAVE_SYS_SYSCTL_H 1
#define HAVE_STRINGS_H 1
#define TIME_WITH_SYS_TIME 1
#define HAVE_LIBTINFO 1
#define TERMINFO 1
#define TGETENT_ZERO_ERR 0
#define HAVE_OSPEED 1
#define HAVE_UP_BC_PC 1
#define SYS_SELECT_WITH_SYS_TIME 1
#define HAVE_SVR4_PTYS 1
#define RETSIGTYPE void
#define SIGRETURN return
#define HAVE_SIGCONTEXT 1
#define HAVE_FCHDIR 1
#define HAVE_FCHOWN 1
#define HAVE_FCHMOD 1
#define HAVE_FSYNC 1
#define HAVE_GETCWD 1
#define HAVE_GETPWENT 1
#define HAVE_GETPWNAM 1
#define HAVE_GETPWUID 1
#define HAVE_GETRLIMIT 1
#define HAVE_GETTIMEOFDAY 1
#define HAVE_GETWD 1
#define HAVE_LSTAT 1
#define HAVE_MEMSET 1
#define HAVE_MKDTEMP 1
#define HAVE_NANOSLEEP 1
#define HAVE_OPENDIR 1
#define HAVE_PUTENV 1
#define HAVE_QSORT 1
#define HAVE_READLINK 1
#define HAVE_SELECT 1
#define HAVE_SETENV 1
#define HAVE_GETPGID 1
#define HAVE_SETPGID 1
#define HAVE_SETSID 1
#define HAVE_SIGALTSTACK 1
#define HAVE_SIGSTACK 1
#define HAVE_SIGSET 1
#define HAVE_SIGACTION 1
#define HAVE_SIGPROCMASK 1
#define HAVE_STRCASECMP 1
#define HAVE_STRERROR 1
#define HAVE_STRFTIME 1
#define HAVE_STRNCASECMP 1
#define HAVE_STRPBRK 1
#define HAVE_STRTOL 1
#define HAVE_TGETENT 1
#define HAVE_TOWLOWER 1
#define HAVE_TOWUPPER 1
#define HAVE_ISWUPPER 1
#define HAVE_USLEEP 1
#define HAVE_UTIME 1
#define HAVE_UTIMES 1
#define HAVE_MBLEN 1
#define HAVE_FTRUNCATE 1
#define HAVE_UNSETENV 1
#define HAVE_FSEEKO 1
#define HAVE_ST_BLKSIZE 1
#define HAVE_ICONV 1
#define HAVE_NL_LANGINFO_CODESET 1
#define HAVE_LIBM 1
#define HAVE_FLOAT_FUNCS 1
#define HAVE_ISINF 1
#define HAVE_ISNAN 1
#define HAVE_FD_CLOEXEC 1
#define HAVE_RENAME 1
#define HAVE_SYSINFO 1
#define HAVE_SYSINFO_MEM_UNIT 1
#define HAVE_SYSCONF 1
#define SIZEOF_INT 4
#define SIZEOF_LONG 8
#define SIZEOF_TIME_T 8
#define SIZEOF_OFF_T 8
#define VIM_SIZEOF_INT 4
#define VIM_SIZEOF_LONG 8
#define USEMEMMOVE 1
#define HAVE_XUTF8SETWMPROPERTIES 1
#define USEMAN_S 1
#define HAVE_GETTEXT 1
#define HAVE_BIND_TEXTDOMAIN_CODESET 1
#define HAVE_NL_MSG_CAT_CNTR 1
#define HAVE_DLFCN_H 1
#define HAVE_DLOPEN 1
#define HAVE_DLSYM 1
#define HAVE_SETJMP_H 1

configure: exit 0
